2018-01-07 11:32:13,001 WARN org.apache.hadoop.util.NativeCodeLoader: Unable to load native-hadoop library for your platform... using builtin-java classes where applicable
2018-01-07 11:32:14,617 INFO org.apache.hadoop.conf.Configuration.deprecation: session.id is deprecated. Instead, use dfs.metrics.session-id
2018-01-07 11:32:14,621 INFO org.apache.hadoop.metrics.jvm.JvmMetrics: Initializing JVM Metrics with processName=JobTracker, sessionId=
2018-01-07 11:32:14,980 WARN org.apache.hadoop.mapreduce.JobResourceUploader: Hadoop command-line option parsing not performed. Implement the Tool interface and execute your application with ToolRunner to remedy this.
2018-01-07 11:32:14,983 WARN org.apache.hadoop.mapreduce.JobResourceUploader: No job jar file set.  User classes may not be found. See Job or Job#setJar(String).
2018-01-07 11:32:15,046 INFO org.apache.hadoop.mapreduce.lib.input.FileInputFormat: Total input paths to process : 1
2018-01-07 11:32:15,099 INFO org.apache.hadoop.mapreduce.JobSubmitter: number of splits:1
2018-01-07 11:32:15,426 INFO org.apache.hadoop.mapreduce.JobSubmitter: Submitting tokens for job: job_local782497011_0001
2018-01-07 11:32:16,094 INFO org.apache.hadoop.mapreduce.Job: The url to track the job: http://localhost:8080/
2018-01-07 11:32:16,096 INFO org.apache.hadoop.mapreduce.Job: Running job: job_local782497011_0001
2018-01-07 11:32:16,123 INFO org.apache.hadoop.mapred.LocalJobRunner: OutputCommitter set in config null
2018-01-07 11:32:16,148 INFO org.apache.hadoop.mapreduce.lib.output.FileOutputCommitter: File Output Committer Algorithm version is 1
2018-01-07 11:32:16,169 INFO org.apache.hadoop.mapred.LocalJobRunner: OutputCommitter is org.apache.hadoop.mapreduce.lib.output.FileOutputCommitter
2018-01-07 11:32:16,377 INFO org.apache.hadoop.mapred.LocalJobRunner: Waiting for map tasks
2018-01-07 11:32:16,378 INFO org.apache.hadoop.mapred.LocalJobRunner: Starting task: attempt_local782497011_0001_m_000000_0
2018-01-07 11:32:16,417 INFO org.apache.hadoop.mapreduce.lib.output.FileOutputCommitter: File Output Committer Algorithm version is 1
2018-01-07 11:32:16,435 INFO org.apache.hadoop.mapred.Task:  Using ResourceCalculatorProcessTree : [ ]
2018-01-07 11:32:16,439 INFO org.apache.hadoop.mapred.MapTask: Processing split: file:/home/cloudera/workspace/Range_Page/input/soc-Epinions1.txt:0+5663083
2018-01-07 11:32:16,545 INFO org.apache.hadoop.mapred.MapTask: (EQUATOR) 0 kvi 26214396(104857584)
2018-01-07 11:32:16,545 INFO org.apache.hadoop.mapred.MapTask: mapreduce.task.io.sort.mb: 100
2018-01-07 11:32:16,546 INFO org.apache.hadoop.mapred.MapTask: soft limit at 83886080
2018-01-07 11:32:16,546 INFO org.apache.hadoop.mapred.MapTask: bufstart = 0; bufvoid = 104857600
2018-01-07 11:32:16,546 INFO org.apache.hadoop.mapred.MapTask: kvstart = 26214396; length = 6553600
2018-01-07 11:32:16,550 INFO org.apache.hadoop.mapred.MapTask: Map output collector class = org.apache.hadoop.mapred.MapTask$MapOutputBuffer
2018-01-07 11:32:17,126 INFO org.apache.hadoop.mapreduce.Job: Job job_local782497011_0001 running in uber mode : false
2018-01-07 11:32:17,127 INFO org.apache.hadoop.mapreduce.Job:  map 0% reduce 0%
2018-01-07 11:32:18,225 INFO org.apache.hadoop.mapred.LocalJobRunner: 
2018-01-07 11:32:18,227 INFO org.apache.hadoop.mapred.MapTask: Starting flush of map output
2018-01-07 11:32:18,227 INFO org.apache.hadoop.mapred.MapTask: Spilling map output
2018-01-07 11:32:18,227 INFO org.apache.hadoop.mapred.MapTask: bufstart = 0; bufend = 5154074; bufvoid = 104857600
2018-01-07 11:32:18,227 INFO org.apache.hadoop.mapred.MapTask: kvstart = 26214396(104857584); kvend = 24179052(96716208); length = 2035345/6553600
2018-01-07 11:32:19,450 INFO org.apache.hadoop.mapred.MapTask: Finished spill 0
2018-01-07 11:32:19,456 INFO org.apache.hadoop.mapred.Task: Task:attempt_local782497011_0001_m_000000_0 is done. And is in the process of committing
2018-01-07 11:32:19,465 INFO org.apache.hadoop.mapred.LocalJobRunner: map
2018-01-07 11:32:19,465 INFO org.apache.hadoop.mapred.Task: Task 'attempt_local782497011_0001_m_000000_0' done.
2018-01-07 11:32:19,465 INFO org.apache.hadoop.mapred.LocalJobRunner: Finishing task: attempt_local782497011_0001_m_000000_0
2018-01-07 11:32:19,465 INFO org.apache.hadoop.mapred.LocalJobRunner: map task executor complete.
2018-01-07 11:32:19,473 INFO org.apache.hadoop.mapred.LocalJobRunner: Waiting for reduce tasks
2018-01-07 11:32:19,474 INFO org.apache.hadoop.mapred.LocalJobRunner: Starting task: attempt_local782497011_0001_r_000000_0
2018-01-07 11:32:19,483 INFO org.apache.hadoop.mapreduce.lib.output.FileOutputCommitter: File Output Committer Algorithm version is 1
2018-01-07 11:32:19,484 INFO org.apache.hadoop.mapred.Task:  Using ResourceCalculatorProcessTree : [ ]
2018-01-07 11:32:19,489 INFO org.apache.hadoop.mapred.ReduceTask: Using ShuffleConsumerPlugin: org.apache.hadoop.mapreduce.task.reduce.Shuffle@23af0b3c
2018-01-07 11:32:19,514 INFO org.apache.hadoop.mapreduce.task.reduce.MergeManagerImpl: MergerManager: memoryLimit=679778688, maxSingleShuffleLimit=169944672, mergeThreshold=448653952, ioSortFactor=10, memToMemMergeOutputsThreshold=10
2018-01-07 11:32:19,519 INFO org.apache.hadoop.mapreduce.task.reduce.EventFetcher: attempt_local782497011_0001_r_000000_0 Thread started: EventFetcher for fetching Map Completion Events
2018-01-07 11:32:19,562 INFO org.apache.hadoop.mapreduce.task.reduce.LocalFetcher: localfetcher#1 about to shuffle output of map attempt_local782497011_0001_m_000000_0 decomp: 6171750 len: 6171754 to MEMORY
2018-01-07 11:32:19,589 INFO org.apache.hadoop.mapreduce.task.reduce.InMemoryMapOutput: Read 6171750 bytes from map-output for attempt_local782497011_0001_m_000000_0
2018-01-07 11:32:19,592 INFO org.apache.hadoop.mapreduce.task.reduce.MergeManagerImpl: closeInMemoryFile -> map-output of size: 6171750, inMemoryMapOutputs.size() -> 1, commitMemory -> 0, usedMemory ->6171750
2018-01-07 11:32:19,592 INFO org.apache.hadoop.mapreduce.task.reduce.EventFetcher: EventFetcher is interrupted.. Returning
2018-01-07 11:32:19,595 INFO org.apache.hadoop.mapred.LocalJobRunner: 1 / 1 copied.
2018-01-07 11:32:19,596 INFO org.apache.hadoop.mapreduce.task.reduce.MergeManagerImpl: finalMerge called with 1 in-memory map-outputs and 0 on-disk map-outputs
2018-01-07 11:32:19,602 INFO org.apache.hadoop.mapred.Merger: Merging 1 sorted segments
2018-01-07 11:32:19,603 INFO org.apache.hadoop.mapred.Merger: Down to the last merge-pass, with 1 segments left of total size: 6171746 bytes
2018-01-07 11:32:20,132 INFO org.apache.hadoop.mapreduce.Job:  map 100% reduce 0%
2018-01-07 11:32:20,179 INFO org.apache.hadoop.mapreduce.task.reduce.MergeManagerImpl: Merged 1 segments, 6171750 bytes to disk to satisfy reduce memory limit
2018-01-07 11:32:20,180 INFO org.apache.hadoop.mapreduce.task.reduce.MergeManagerImpl: Merging 1 files, 6171754 bytes from disk
2018-01-07 11:32:20,180 INFO org.apache.hadoop.mapreduce.task.reduce.MergeManagerImpl: Merging 0 segments, 0 bytes from memory into reduce
2018-01-07 11:32:20,181 INFO org.apache.hadoop.mapred.Merger: Merging 1 sorted segments
2018-01-07 11:32:20,181 INFO org.apache.hadoop.mapred.Merger: Down to the last merge-pass, with 1 segments left of total size: 6171746 bytes
2018-01-07 11:32:20,181 INFO org.apache.hadoop.mapred.LocalJobRunner: 1 / 1 copied.
2018-01-07 11:32:20,219 INFO org.apache.hadoop.conf.Configuration.deprecation: mapred.skip.on is deprecated. Instead, use mapreduce.job.skiprecords
2018-01-07 11:32:22,514 INFO org.apache.hadoop.mapred.Task: Task:attempt_local782497011_0001_r_000000_0 is done. And is in the process of committing
2018-01-07 11:32:22,519 INFO org.apache.hadoop.mapred.LocalJobRunner: 1 / 1 copied.
2018-01-07 11:32:22,519 INFO org.apache.hadoop.mapred.Task: Task attempt_local782497011_0001_r_000000_0 is allowed to commit now
2018-01-07 11:32:22,522 INFO org.apache.hadoop.mapreduce.lib.output.FileOutputCommitter: Saved output of task 'attempt_local782497011_0001_r_000000_0' to file:/home/cloudera/workspace/Range_Page/output/step00/_temporary/0/task_local782497011_0001_r_000000
2018-01-07 11:32:22,524 INFO org.apache.hadoop.mapred.LocalJobRunner: reduce > reduce
2018-01-07 11:32:22,526 INFO org.apache.hadoop.mapred.Task: Task 'attempt_local782497011_0001_r_000000_0' done.
2018-01-07 11:32:22,526 INFO org.apache.hadoop.mapred.LocalJobRunner: Finishing task: attempt_local782497011_0001_r_000000_0
2018-01-07 11:32:22,526 INFO org.apache.hadoop.mapred.LocalJobRunner: reduce task executor complete.
2018-01-07 11:32:23,134 INFO org.apache.hadoop.mapreduce.Job:  map 100% reduce 100%
2018-01-07 11:32:23,135 INFO org.apache.hadoop.mapreduce.Job: Job job_local782497011_0001 completed successfully
2018-01-07 11:32:23,147 INFO org.apache.hadoop.mapreduce.Job: Counters: 33
	File System Counters
		FILE: Number of bytes read=23670078
		FILE: Number of bytes written=23295880
		FILE: Number of read operations=0
		FILE: Number of large read operations=0
		FILE: Number of write operations=0
	Map-Reduce Framework
		Map input records=508841
		Map output records=508837
		Map output bytes=5154074
		Map output materialized bytes=6171754
		Input split bytes=129
		Combine input records=0
		Combine output records=0
		Reduce input groups=60341
		Reduce shuffle bytes=6171754
		Reduce input records=508837
		Reduce output records=60341
		Spilled Records=1017674
		Shuffled Maps =1
		Failed Shuffles=0
		Merged Map outputs=1
		GC time elapsed (ms)=224
		CPU time spent (ms)=0
		Physical memory (bytes) snapshot=0
		Virtual memory (bytes) snapshot=0
		Total committed heap usage (bytes)=378413056
	Shuffle Errors
		BAD_ID=0
		CONNECTION=0
		IO_ERROR=0
		WRONG_LENGTH=0
		WRONG_MAP=0
		WRONG_REDUCE=0
	File Input Format Counters 
		Bytes Read=5663083
	File Output Format Counters 
		Bytes Written=4252658
2018-01-07 11:32:23,233 INFO org.apache.hadoop.metrics.jvm.JvmMetrics: Cannot initialize JVM Metrics with processName=JobTracker, sessionId= - already initialized
2018-01-07 11:32:23,256 WARN org.apache.hadoop.mapreduce.JobResourceUploader: Hadoop command-line option parsing not performed. Implement the Tool interface and execute your application with ToolRunner to remedy this.
2018-01-07 11:32:23,260 WARN org.apache.hadoop.mapreduce.JobResourceUploader: No job jar file set.  User classes may not be found. See Job or Job#setJar(String).
2018-01-07 11:32:23,556 INFO org.apache.hadoop.mapreduce.lib.input.FileInputFormat: Total input paths to process : 1
2018-01-07 11:32:23,576 INFO org.apache.hadoop.mapreduce.JobSubmitter: number of splits:1
2018-01-07 11:32:23,624 INFO org.apache.hadoop.mapreduce.JobSubmitter: Submitting tokens for job: job_local1973291557_0002
2018-01-07 11:32:23,914 INFO org.apache.hadoop.mapreduce.Job: The url to track the job: http://localhost:8080/
2018-01-07 11:32:23,915 INFO org.apache.hadoop.mapreduce.Job: Running job: job_local1973291557_0002
2018-01-07 11:32:23,916 INFO org.apache.hadoop.mapred.LocalJobRunner: OutputCommitter set in config null
2018-01-07 11:32:23,916 INFO org.apache.hadoop.mapreduce.lib.output.FileOutputCommitter: File Output Committer Algorithm version is 1
2018-01-07 11:32:23,918 INFO org.apache.hadoop.mapred.LocalJobRunner: OutputCommitter is org.apache.hadoop.mapreduce.lib.output.FileOutputCommitter
2018-01-07 11:32:23,932 INFO org.apache.hadoop.mapred.LocalJobRunner: Waiting for map tasks
2018-01-07 11:32:23,932 INFO org.apache.hadoop.mapred.LocalJobRunner: Starting task: attempt_local1973291557_0002_m_000000_0
2018-01-07 11:32:23,940 INFO org.apache.hadoop.mapreduce.lib.output.FileOutputCommitter: File Output Committer Algorithm version is 1
2018-01-07 11:32:23,941 INFO org.apache.hadoop.mapred.Task:  Using ResourceCalculatorProcessTree : [ ]
2018-01-07 11:32:23,943 INFO org.apache.hadoop.mapred.MapTask: Processing split: file:/home/cloudera/workspace/Range_Page/output/step00/part-r-00000:0+4219682
2018-01-07 11:32:24,116 INFO org.apache.hadoop.mapred.MapTask: (EQUATOR) 0 kvi 26214396(104857584)
2018-01-07 11:32:24,119 INFO org.apache.hadoop.mapred.MapTask: mapreduce.task.io.sort.mb: 100
2018-01-07 11:32:24,119 INFO org.apache.hadoop.mapred.MapTask: soft limit at 83886080
2018-01-07 11:32:24,119 INFO org.apache.hadoop.mapred.MapTask: bufstart = 0; bufvoid = 104857600
2018-01-07 11:32:24,120 INFO org.apache.hadoop.mapred.MapTask: kvstart = 26214396; length = 6553600
2018-01-07 11:32:24,127 INFO org.apache.hadoop.mapred.MapTask: Map output collector class = org.apache.hadoop.mapred.MapTask$MapOutputBuffer
2018-01-07 11:32:24,916 INFO org.apache.hadoop.mapreduce.Job: Job job_local1973291557_0002 running in uber mode : false
2018-01-07 11:32:24,917 INFO org.apache.hadoop.mapreduce.Job:  map 0% reduce 0%
2018-01-07 11:32:25,362 INFO org.apache.hadoop.mapred.LocalJobRunner: 
2018-01-07 11:32:25,362 INFO org.apache.hadoop.mapred.MapTask: Starting flush of map output
2018-01-07 11:32:25,362 INFO org.apache.hadoop.mapred.MapTask: Spilling map output
2018-01-07 11:32:25,366 INFO org.apache.hadoop.mapred.MapTask: bufstart = 0; bufend = 18267089; bufvoid = 104857600
2018-01-07 11:32:25,366 INFO org.apache.hadoop.mapred.MapTask: kvstart = 26214396(104857584); kvend = 23937688(95750752); length = 2276709/6553600
2018-01-07 11:32:26,434 INFO org.apache.hadoop.mapred.MapTask: Finished spill 0
2018-01-07 11:32:26,437 INFO org.apache.hadoop.mapred.Task: Task:attempt_local1973291557_0002_m_000000_0 is done. And is in the process of committing
2018-01-07 11:32:26,440 INFO org.apache.hadoop.mapred.LocalJobRunner: map
2018-01-07 11:32:26,440 INFO org.apache.hadoop.mapred.Task: Task 'attempt_local1973291557_0002_m_000000_0' done.
2018-01-07 11:32:26,440 INFO org.apache.hadoop.mapred.LocalJobRunner: Finishing task: attempt_local1973291557_0002_m_000000_0
2018-01-07 11:32:26,440 INFO org.apache.hadoop.mapred.LocalJobRunner: map task executor complete.
2018-01-07 11:32:26,441 INFO org.apache.hadoop.mapred.LocalJobRunner: Waiting for reduce tasks
2018-01-07 11:32:26,443 INFO org.apache.hadoop.mapred.LocalJobRunner: Starting task: attempt_local1973291557_0002_r_000000_0
2018-01-07 11:32:26,445 INFO org.apache.hadoop.mapreduce.lib.output.FileOutputCommitter: File Output Committer Algorithm version is 1
2018-01-07 11:32:26,446 INFO org.apache.hadoop.mapred.Task:  Using ResourceCalculatorProcessTree : [ ]
2018-01-07 11:32:26,446 INFO org.apache.hadoop.mapred.ReduceTask: Using ShuffleConsumerPlugin: org.apache.hadoop.mapreduce.task.reduce.Shuffle@51586211
2018-01-07 11:32:26,447 INFO org.apache.hadoop.mapreduce.task.reduce.MergeManagerImpl: MergerManager: memoryLimit=679778688, maxSingleShuffleLimit=169944672, mergeThreshold=448653952, ioSortFactor=10, memToMemMergeOutputsThreshold=10
2018-01-07 11:32:26,450 INFO org.apache.hadoop.mapreduce.task.reduce.EventFetcher: attempt_local1973291557_0002_r_000000_0 Thread started: EventFetcher for fetching Map Completion Events
2018-01-07 11:32:26,455 INFO org.apache.hadoop.mapreduce.task.reduce.LocalFetcher: localfetcher#2 about to shuffle output of map attempt_local1973291557_0002_m_000000_0 decomp: 19412060 len: 19412064 to MEMORY
2018-01-07 11:32:26,820 INFO org.apache.hadoop.mapreduce.task.reduce.InMemoryMapOutput: Read 19412060 bytes from map-output for attempt_local1973291557_0002_m_000000_0
2018-01-07 11:32:26,821 INFO org.apache.hadoop.mapreduce.task.reduce.MergeManagerImpl: closeInMemoryFile -> map-output of size: 19412060, inMemoryMapOutputs.size() -> 1, commitMemory -> 0, usedMemory ->19412060
2018-01-07 11:32:26,989 INFO org.apache.hadoop.mapreduce.Job:  map 100% reduce 0%
2018-01-07 11:32:26,989 INFO org.apache.hadoop.mapreduce.task.reduce.EventFetcher: EventFetcher is interrupted.. Returning
2018-01-07 11:32:26,990 INFO org.apache.hadoop.mapred.LocalJobRunner: 1 / 1 copied.
2018-01-07 11:32:26,991 INFO org.apache.hadoop.mapreduce.task.reduce.MergeManagerImpl: finalMerge called with 1 in-memory map-outputs and 0 on-disk map-outputs
2018-01-07 11:32:26,992 INFO org.apache.hadoop.mapred.Merger: Merging 1 sorted segments
2018-01-07 11:32:26,994 INFO org.apache.hadoop.mapred.Merger: Down to the last merge-pass, with 1 segments left of total size: 19412056 bytes
2018-01-07 11:32:27,371 INFO org.apache.hadoop.mapreduce.task.reduce.MergeManagerImpl: Merged 1 segments, 19412060 bytes to disk to satisfy reduce memory limit
2018-01-07 11:32:27,371 INFO org.apache.hadoop.mapreduce.task.reduce.MergeManagerImpl: Merging 1 files, 19412064 bytes from disk
2018-01-07 11:32:27,371 INFO org.apache.hadoop.mapreduce.task.reduce.MergeManagerImpl: Merging 0 segments, 0 bytes from memory into reduce
2018-01-07 11:32:27,372 INFO org.apache.hadoop.mapred.Merger: Merging 1 sorted segments
2018-01-07 11:32:27,372 INFO org.apache.hadoop.mapred.Merger: Down to the last merge-pass, with 1 segments left of total size: 19412056 bytes
2018-01-07 11:32:27,372 INFO org.apache.hadoop.mapred.LocalJobRunner: 1 / 1 copied.
2018-01-07 11:32:30,543 INFO org.apache.hadoop.mapred.Task: Task:attempt_local1973291557_0002_r_000000_0 is done. And is in the process of committing
2018-01-07 11:32:30,545 INFO org.apache.hadoop.mapred.LocalJobRunner: 1 / 1 copied.
2018-01-07 11:32:30,545 INFO org.apache.hadoop.mapred.Task: Task attempt_local1973291557_0002_r_000000_0 is allowed to commit now
2018-01-07 11:32:30,546 INFO org.apache.hadoop.mapreduce.lib.output.FileOutputCommitter: Saved output of task 'attempt_local1973291557_0002_r_000000_0' to file:/home/cloudera/workspace/Range_Page/output/step01/_temporary/0/task_local1973291557_0002_r_000000
2018-01-07 11:32:30,547 INFO org.apache.hadoop.mapred.LocalJobRunner: reduce > reduce
2018-01-07 11:32:30,547 INFO org.apache.hadoop.mapred.Task: Task 'attempt_local1973291557_0002_r_000000_0' done.
2018-01-07 11:32:30,547 INFO org.apache.hadoop.mapred.LocalJobRunner: Finishing task: attempt_local1973291557_0002_r_000000_0
2018-01-07 11:32:30,547 INFO org.apache.hadoop.mapred.LocalJobRunner: reduce task executor complete.
2018-01-07 11:32:30,994 INFO org.apache.hadoop.mapreduce.Job:  map 100% reduce 100%
2018-01-07 11:32:30,995 INFO org.apache.hadoop.mapreduce.Job: Job job_local1973291557_0002 completed successfully
2018-01-07 11:32:31,001 INFO org.apache.hadoop.mapreduce.Job: Counters: 33
	File System Counters
		FILE: Number of bytes read=83343480
		FILE: Number of bytes written=97025619
		FILE: Number of read operations=0
		FILE: Number of large read operations=0
		FILE: Number of write operations=0
	Map-Reduce Framework
		Map input records=60341
		Map output records=569178
		Map output bytes=18267089
		Map output materialized bytes=19412064
		Input split bytes=132
		Combine input records=0
		Combine output records=0
		Reduce input groups=75879
		Reduce shuffle bytes=19412064
		Reduce input records=569178
		Reduce output records=75879
		Spilled Records=1138356
		Shuffled Maps =1
		Failed Shuffles=0
		Merged Map outputs=1
		GC time elapsed (ms)=124
		CPU time spent (ms)=0
		Physical memory (bytes) snapshot=0
		Virtual memory (bytes) snapshot=0
		Total committed heap usage (bytes)=425598976
	Shuffle Errors
		BAD_ID=0
		CONNECTION=0
		IO_ERROR=0
		WRONG_LENGTH=0
		WRONG_MAP=0
		WRONG_REDUCE=0
	File Input Format Counters 
		Bytes Read=4252662
	File Output Format Counters 
		Bytes Written=4538357
2018-01-07 11:32:31,025 INFO org.apache.hadoop.metrics.jvm.JvmMetrics: Cannot initialize JVM Metrics with processName=JobTracker, sessionId= - already initialized
2018-01-07 11:32:31,034 WARN org.apache.hadoop.mapreduce.JobResourceUploader: Hadoop command-line option parsing not performed. Implement the Tool interface and execute your application with ToolRunner to remedy this.
2018-01-07 11:32:31,039 WARN org.apache.hadoop.mapreduce.JobResourceUploader: No job jar file set.  User classes may not be found. See Job or Job#setJar(String).
2018-01-07 11:32:31,111 INFO org.apache.hadoop.mapreduce.lib.input.FileInputFormat: Total input paths to process : 1
2018-01-07 11:32:31,121 INFO org.apache.hadoop.mapreduce.JobSubmitter: number of splits:1
2018-01-07 11:32:31,268 INFO org.apache.hadoop.mapreduce.JobSubmitter: Submitting tokens for job: job_local944066205_0003
2018-01-07 11:32:31,483 INFO org.apache.hadoop.mapreduce.Job: The url to track the job: http://localhost:8080/
2018-01-07 11:32:31,484 INFO org.apache.hadoop.mapreduce.Job: Running job: job_local944066205_0003
2018-01-07 11:32:31,485 INFO org.apache.hadoop.mapred.LocalJobRunner: OutputCommitter set in config null
2018-01-07 11:32:31,487 INFO org.apache.hadoop.mapreduce.lib.output.FileOutputCommitter: File Output Committer Algorithm version is 1
2018-01-07 11:32:31,487 INFO org.apache.hadoop.mapred.LocalJobRunner: OutputCommitter is org.apache.hadoop.mapreduce.lib.output.FileOutputCommitter
2018-01-07 11:32:31,502 INFO org.apache.hadoop.mapred.LocalJobRunner: Waiting for map tasks
2018-01-07 11:32:31,503 INFO org.apache.hadoop.mapred.LocalJobRunner: Starting task: attempt_local944066205_0003_m_000000_0
2018-01-07 11:32:31,509 INFO org.apache.hadoop.mapreduce.lib.output.FileOutputCommitter: File Output Committer Algorithm version is 1
2018-01-07 11:32:31,509 INFO org.apache.hadoop.mapred.Task:  Using ResourceCalculatorProcessTree : [ ]
2018-01-07 11:32:31,510 INFO org.apache.hadoop.mapred.MapTask: Processing split: file:/home/cloudera/workspace/Range_Page/output/step01/part-r-00000:0+4503165
2018-01-07 11:32:31,633 INFO org.apache.hadoop.mapred.MapTask: (EQUATOR) 0 kvi 26214396(104857584)
2018-01-07 11:32:31,633 INFO org.apache.hadoop.mapred.MapTask: mapreduce.task.io.sort.mb: 100
2018-01-07 11:32:31,633 INFO org.apache.hadoop.mapred.MapTask: soft limit at 83886080
2018-01-07 11:32:31,633 INFO org.apache.hadoop.mapred.MapTask: bufstart = 0; bufvoid = 104857600
2018-01-07 11:32:31,633 INFO org.apache.hadoop.mapred.MapTask: kvstart = 26214396; length = 6553600
2018-01-07 11:32:31,636 INFO org.apache.hadoop.mapred.MapTask: Map output collector class = org.apache.hadoop.mapred.MapTask$MapOutputBuffer
2018-01-07 11:32:32,334 INFO org.apache.hadoop.mapred.LocalJobRunner: 
2018-01-07 11:32:32,335 INFO org.apache.hadoop.mapred.MapTask: Starting flush of map output
2018-01-07 11:32:32,335 INFO org.apache.hadoop.mapred.MapTask: Spilling map output
2018-01-07 11:32:32,335 INFO org.apache.hadoop.mapred.MapTask: bufstart = 0; bufend = 17581719; bufvoid = 104857600
2018-01-07 11:32:32,335 INFO org.apache.hadoop.mapred.MapTask: kvstart = 26214396(104857584); kvend = 23813384(95253536); length = 2401013/6553600
2018-01-07 11:32:32,485 INFO org.apache.hadoop.mapreduce.Job: Job job_local944066205_0003 running in uber mode : false
2018-01-07 11:32:32,485 INFO org.apache.hadoop.mapreduce.Job:  map 0% reduce 0%
2018-01-07 11:32:33,388 INFO org.apache.hadoop.mapred.MapTask: Finished spill 0
2018-01-07 11:32:33,391 INFO org.apache.hadoop.mapred.Task: Task:attempt_local944066205_0003_m_000000_0 is done. And is in the process of committing
2018-01-07 11:32:33,393 INFO org.apache.hadoop.mapred.LocalJobRunner: map
2018-01-07 11:32:33,393 INFO org.apache.hadoop.mapred.Task: Task 'attempt_local944066205_0003_m_000000_0' done.
2018-01-07 11:32:33,393 INFO org.apache.hadoop.mapred.LocalJobRunner: Finishing task: attempt_local944066205_0003_m_000000_0
2018-01-07 11:32:33,393 INFO org.apache.hadoop.mapred.LocalJobRunner: map task executor complete.
2018-01-07 11:32:33,394 INFO org.apache.hadoop.mapred.LocalJobRunner: Waiting for reduce tasks
2018-01-07 11:32:33,395 INFO org.apache.hadoop.mapred.LocalJobRunner: Starting task: attempt_local944066205_0003_r_000000_0
2018-01-07 11:32:33,396 INFO org.apache.hadoop.mapreduce.lib.output.FileOutputCommitter: File Output Committer Algorithm version is 1
2018-01-07 11:32:33,396 INFO org.apache.hadoop.mapred.Task:  Using ResourceCalculatorProcessTree : [ ]
2018-01-07 11:32:33,396 INFO org.apache.hadoop.mapred.ReduceTask: Using ShuffleConsumerPlugin: org.apache.hadoop.mapreduce.task.reduce.Shuffle@265b843d
2018-01-07 11:32:33,400 INFO org.apache.hadoop.mapreduce.task.reduce.MergeManagerImpl: MergerManager: memoryLimit=679778688, maxSingleShuffleLimit=169944672, mergeThreshold=448653952, ioSortFactor=10, memToMemMergeOutputsThreshold=10
2018-01-07 11:32:33,402 INFO org.apache.hadoop.mapreduce.task.reduce.EventFetcher: attempt_local944066205_0003_r_000000_0 Thread started: EventFetcher for fetching Map Completion Events
2018-01-07 11:32:33,407 INFO org.apache.hadoop.mapreduce.task.reduce.LocalFetcher: localfetcher#3 about to shuffle output of map attempt_local944066205_0003_m_000000_0 decomp: 18788842 len: 18788846 to MEMORY
2018-01-07 11:32:33,450 INFO org.apache.hadoop.mapreduce.task.reduce.InMemoryMapOutput: Read 18788842 bytes from map-output for attempt_local944066205_0003_m_000000_0
2018-01-07 11:32:33,450 INFO org.apache.hadoop.mapreduce.task.reduce.MergeManagerImpl: closeInMemoryFile -> map-output of size: 18788842, inMemoryMapOutputs.size() -> 1, commitMemory -> 0, usedMemory ->18788842
2018-01-07 11:32:33,452 INFO org.apache.hadoop.mapreduce.task.reduce.EventFetcher: EventFetcher is interrupted.. Returning
2018-01-07 11:32:33,453 INFO org.apache.hadoop.mapred.LocalJobRunner: 1 / 1 copied.
2018-01-07 11:32:33,456 INFO org.apache.hadoop.mapreduce.task.reduce.MergeManagerImpl: finalMerge called with 1 in-memory map-outputs and 0 on-disk map-outputs
2018-01-07 11:32:33,457 INFO org.apache.hadoop.mapred.Merger: Merging 1 sorted segments
2018-01-07 11:32:33,457 INFO org.apache.hadoop.mapred.Merger: Down to the last merge-pass, with 1 segments left of total size: 18788839 bytes
2018-01-07 11:32:33,487 INFO org.apache.hadoop.mapreduce.Job:  map 100% reduce 0%
2018-01-07 11:32:33,842 INFO org.apache.hadoop.mapreduce.task.reduce.MergeManagerImpl: Merged 1 segments, 18788842 bytes to disk to satisfy reduce memory limit
2018-01-07 11:32:33,843 INFO org.apache.hadoop.mapreduce.task.reduce.MergeManagerImpl: Merging 1 files, 18788846 bytes from disk
2018-01-07 11:32:33,843 INFO org.apache.hadoop.mapreduce.task.reduce.MergeManagerImpl: Merging 0 segments, 0 bytes from memory into reduce
2018-01-07 11:32:33,843 INFO org.apache.hadoop.mapred.Merger: Merging 1 sorted segments
2018-01-07 11:32:33,843 INFO org.apache.hadoop.mapred.Merger: Down to the last merge-pass, with 1 segments left of total size: 18788839 bytes
2018-01-07 11:32:33,844 INFO org.apache.hadoop.mapred.LocalJobRunner: 1 / 1 copied.
2018-01-07 11:32:35,810 INFO org.apache.hadoop.mapred.Task: Task:attempt_local944066205_0003_r_000000_0 is done. And is in the process of committing
2018-01-07 11:32:35,812 INFO org.apache.hadoop.mapred.LocalJobRunner: 1 / 1 copied.
2018-01-07 11:32:35,812 INFO org.apache.hadoop.mapred.Task: Task attempt_local944066205_0003_r_000000_0 is allowed to commit now
2018-01-07 11:32:35,813 INFO org.apache.hadoop.mapreduce.lib.output.FileOutputCommitter: Saved output of task 'attempt_local944066205_0003_r_000000_0' to file:/home/cloudera/workspace/Range_Page/output/step02/_temporary/0/task_local944066205_0003_r_000000
2018-01-07 11:32:35,814 INFO org.apache.hadoop.mapred.LocalJobRunner: reduce > reduce
2018-01-07 11:32:35,819 INFO org.apache.hadoop.mapred.Task: Task 'attempt_local944066205_0003_r_000000_0' done.
2018-01-07 11:32:35,819 INFO org.apache.hadoop.mapred.LocalJobRunner: Finishing task: attempt_local944066205_0003_r_000000_0
2018-01-07 11:32:35,820 INFO org.apache.hadoop.mapred.LocalJobRunner: reduce task executor complete.
2018-01-07 11:32:36,489 INFO org.apache.hadoop.mapreduce.Job:  map 100% reduce 100%
2018-01-07 11:32:36,490 INFO org.apache.hadoop.mapreduce.Job: Job job_local944066205_0003 completed successfully
2018-01-07 11:32:36,495 INFO org.apache.hadoop.mapreduce.Job: Counters: 33
	File System Counters
		FILE: Number of bytes read=168822464
		FILE: Number of bytes written=182390256
		FILE: Number of read operations=0
		FILE: Number of large read operations=0
		FILE: Number of write operations=0
	Map-Reduce Framework
		Map input records=75879
		Map output records=600254
		Map output bytes=17581719
		Map output materialized bytes=18788846
		Input split bytes=132
		Combine input records=0
		Combine output records=0
		Reduce input groups=75880
		Reduce shuffle bytes=18788846
		Reduce input records=600254
		Reduce output records=75880
		Spilled Records=1200508
		Shuffled Maps =1
		Failed Shuffles=0
		Merged Map outputs=1
		GC time elapsed (ms)=101
		CPU time spent (ms)=0
		Physical memory (bytes) snapshot=0
		Virtual memory (bytes) snapshot=0
		Total committed heap usage (bytes)=396574720
	Shuffle Errors
		BAD_ID=0
		CONNECTION=0
		IO_ERROR=0
		WRONG_LENGTH=0
		WRONG_MAP=0
		WRONG_REDUCE=0
	File Input Format Counters 
		Bytes Read=4538361
	File Output Format Counters 
		Bytes Written=4519712
2018-01-07 11:32:36,657 INFO org.apache.hadoop.metrics.jvm.JvmMetrics: Cannot initialize JVM Metrics with processName=JobTracker, sessionId= - already initialized
2018-01-07 11:32:36,672 WARN org.apache.hadoop.mapreduce.JobResourceUploader: Hadoop command-line option parsing not performed. Implement the Tool interface and execute your application with ToolRunner to remedy this.
2018-01-07 11:32:36,674 WARN org.apache.hadoop.mapreduce.JobResourceUploader: No job jar file set.  User classes may not be found. See Job or Job#setJar(String).
2018-01-07 11:32:36,683 INFO org.apache.hadoop.mapreduce.lib.input.FileInputFormat: Total input paths to process : 1
2018-01-07 11:32:36,694 INFO org.apache.hadoop.mapreduce.JobSubmitter: number of splits:1
2018-01-07 11:32:36,717 INFO org.apache.hadoop.mapreduce.JobSubmitter: Submitting tokens for job: job_local97400069_0004
2018-01-07 11:32:36,907 INFO org.apache.hadoop.mapreduce.Job: The url to track the job: http://localhost:8080/
2018-01-07 11:32:36,908 INFO org.apache.hadoop.mapreduce.Job: Running job: job_local97400069_0004
2018-01-07 11:32:36,908 INFO org.apache.hadoop.mapred.LocalJobRunner: OutputCommitter set in config null
2018-01-07 11:32:36,909 INFO org.apache.hadoop.mapreduce.lib.output.FileOutputCommitter: File Output Committer Algorithm version is 1
2018-01-07 11:32:36,909 INFO org.apache.hadoop.mapred.LocalJobRunner: OutputCommitter is org.apache.hadoop.mapreduce.lib.output.FileOutputCommitter
2018-01-07 11:32:36,912 INFO org.apache.hadoop.mapred.LocalJobRunner: Waiting for map tasks
2018-01-07 11:32:36,913 INFO org.apache.hadoop.mapred.LocalJobRunner: Starting task: attempt_local97400069_0004_m_000000_0
2018-01-07 11:32:36,913 INFO org.apache.hadoop.mapreduce.lib.output.FileOutputCommitter: File Output Committer Algorithm version is 1
2018-01-07 11:32:36,914 INFO org.apache.hadoop.mapred.Task:  Using ResourceCalculatorProcessTree : [ ]
2018-01-07 11:32:36,915 INFO org.apache.hadoop.mapred.MapTask: Processing split: file:/home/cloudera/workspace/Range_Page/output/step02/part-r-00000:0+4484664
2018-01-07 11:32:37,004 INFO org.apache.hadoop.mapred.MapTask: (EQUATOR) 0 kvi 26214396(104857584)
2018-01-07 11:32:37,004 INFO org.apache.hadoop.mapred.MapTask: mapreduce.task.io.sort.mb: 100
2018-01-07 11:32:37,004 INFO org.apache.hadoop.mapred.MapTask: soft limit at 83886080
2018-01-07 11:32:37,004 INFO org.apache.hadoop.mapred.MapTask: bufstart = 0; bufvoid = 104857600
2018-01-07 11:32:37,004 INFO org.apache.hadoop.mapred.MapTask: kvstart = 26214396; length = 6553600
2018-01-07 11:32:37,006 INFO org.apache.hadoop.mapred.MapTask: Map output collector class = org.apache.hadoop.mapred.MapTask$MapOutputBuffer
2018-01-07 11:32:37,343 INFO org.apache.hadoop.mapred.LocalJobRunner: 
2018-01-07 11:32:37,343 INFO org.apache.hadoop.mapred.MapTask: Starting flush of map output
2018-01-07 11:32:37,343 INFO org.apache.hadoop.mapred.MapTask: Spilling map output
2018-01-07 11:32:37,343 INFO org.apache.hadoop.mapred.MapTask: bufstart = 0; bufend = 1051208; bufvoid = 104857600
2018-01-07 11:32:37,343 INFO org.apache.hadoop.mapred.MapTask: kvstart = 26214396(104857584); kvend = 25910880(103643520); length = 303517/6553600
2018-01-07 11:32:37,502 INFO org.apache.hadoop.mapred.MapTask: Finished spill 0
2018-01-07 11:32:37,509 INFO org.apache.hadoop.mapred.Task: Task:attempt_local97400069_0004_m_000000_0 is done. And is in the process of committing
2018-01-07 11:32:37,511 INFO org.apache.hadoop.mapred.LocalJobRunner: map
2018-01-07 11:32:37,512 INFO org.apache.hadoop.mapred.Task: Task 'attempt_local97400069_0004_m_000000_0' done.
2018-01-07 11:32:37,512 INFO org.apache.hadoop.mapred.LocalJobRunner: Finishing task: attempt_local97400069_0004_m_000000_0
2018-01-07 11:32:37,513 INFO org.apache.hadoop.mapred.LocalJobRunner: map task executor complete.
2018-01-07 11:32:37,513 INFO org.apache.hadoop.mapred.LocalJobRunner: Waiting for reduce tasks
2018-01-07 11:32:37,514 INFO org.apache.hadoop.mapred.LocalJobRunner: Starting task: attempt_local97400069_0004_r_000000_0
2018-01-07 11:32:37,516 INFO org.apache.hadoop.mapreduce.lib.output.FileOutputCommitter: File Output Committer Algorithm version is 1
2018-01-07 11:32:37,517 INFO org.apache.hadoop.mapred.Task:  Using ResourceCalculatorProcessTree : [ ]
2018-01-07 11:32:37,517 INFO org.apache.hadoop.mapred.ReduceTask: Using ShuffleConsumerPlugin: org.apache.hadoop.mapreduce.task.reduce.Shuffle@5bb4930a
2018-01-07 11:32:37,519 INFO org.apache.hadoop.mapreduce.task.reduce.MergeManagerImpl: MergerManager: memoryLimit=679778688, maxSingleShuffleLimit=169944672, mergeThreshold=448653952, ioSortFactor=10, memToMemMergeOutputsThreshold=10
2018-01-07 11:32:37,521 INFO org.apache.hadoop.mapreduce.task.reduce.EventFetcher: attempt_local97400069_0004_r_000000_0 Thread started: EventFetcher for fetching Map Completion Events
2018-01-07 11:32:37,522 INFO org.apache.hadoop.mapreduce.task.reduce.LocalFetcher: localfetcher#4 about to shuffle output of map attempt_local97400069_0004_m_000000_0 decomp: 1202970 len: 1202974 to MEMORY
2018-01-07 11:32:37,525 INFO org.apache.hadoop.mapreduce.task.reduce.InMemoryMapOutput: Read 1202970 bytes from map-output for attempt_local97400069_0004_m_000000_0
2018-01-07 11:32:37,526 INFO org.apache.hadoop.mapreduce.task.reduce.MergeManagerImpl: closeInMemoryFile -> map-output of size: 1202970, inMemoryMapOutputs.size() -> 1, commitMemory -> 0, usedMemory ->1202970
2018-01-07 11:32:37,526 INFO org.apache.hadoop.mapreduce.task.reduce.EventFetcher: EventFetcher is interrupted.. Returning
2018-01-07 11:32:37,527 INFO org.apache.hadoop.mapred.LocalJobRunner: 1 / 1 copied.
2018-01-07 11:32:37,527 INFO org.apache.hadoop.mapreduce.task.reduce.MergeManagerImpl: finalMerge called with 1 in-memory map-outputs and 0 on-disk map-outputs
2018-01-07 11:32:37,530 INFO org.apache.hadoop.mapred.Merger: Merging 1 sorted segments
2018-01-07 11:32:37,530 INFO org.apache.hadoop.mapred.Merger: Down to the last merge-pass, with 1 segments left of total size: 1202960 bytes
2018-01-07 11:32:37,572 INFO org.apache.hadoop.mapreduce.task.reduce.MergeManagerImpl: Merged 1 segments, 1202970 bytes to disk to satisfy reduce memory limit
2018-01-07 11:32:37,572 INFO org.apache.hadoop.mapreduce.task.reduce.MergeManagerImpl: Merging 1 files, 1202974 bytes from disk
2018-01-07 11:32:37,573 INFO org.apache.hadoop.mapreduce.task.reduce.MergeManagerImpl: Merging 0 segments, 0 bytes from memory into reduce
2018-01-07 11:32:37,573 INFO org.apache.hadoop.mapred.Merger: Merging 1 sorted segments
2018-01-07 11:32:37,573 INFO org.apache.hadoop.mapred.Merger: Down to the last merge-pass, with 1 segments left of total size: 1202960 bytes
2018-01-07 11:32:37,573 INFO org.apache.hadoop.mapred.LocalJobRunner: 1 / 1 copied.
2018-01-07 11:32:37,909 INFO org.apache.hadoop.mapreduce.Job: Job job_local97400069_0004 running in uber mode : false
2018-01-07 11:32:37,909 INFO org.apache.hadoop.mapreduce.Job:  map 100% reduce 0%
2018-01-07 11:32:38,229 INFO org.apache.hadoop.mapred.Task: Task:attempt_local97400069_0004_r_000000_0 is done. And is in the process of committing
2018-01-07 11:32:38,231 INFO org.apache.hadoop.mapred.LocalJobRunner: 1 / 1 copied.
2018-01-07 11:32:38,232 INFO org.apache.hadoop.mapred.Task: Task attempt_local97400069_0004_r_000000_0 is allowed to commit now
2018-01-07 11:32:38,232 INFO org.apache.hadoop.mapreduce.lib.output.FileOutputCommitter: Saved output of task 'attempt_local97400069_0004_r_000000_0' to file:/home/cloudera/workspace/Range_Page/output/result/_temporary/0/task_local97400069_0004_r_000000
2018-01-07 11:32:38,233 INFO org.apache.hadoop.mapred.LocalJobRunner: reduce > reduce
2018-01-07 11:32:38,233 INFO org.apache.hadoop.mapred.Task: Task 'attempt_local97400069_0004_r_000000_0' done.
2018-01-07 11:32:38,233 INFO org.apache.hadoop.mapred.LocalJobRunner: Finishing task: attempt_local97400069_0004_r_000000_0
2018-01-07 11:32:38,234 INFO org.apache.hadoop.mapred.LocalJobRunner: reduce task executor complete.
2018-01-07 11:32:38,910 INFO org.apache.hadoop.mapreduce.Job:  map 100% reduce 100%
2018-01-07 11:32:38,910 INFO org.apache.hadoop.mapreduce.Job: Job job_local97400069_0004 completed successfully
2018-01-07 11:32:38,915 INFO org.apache.hadoop.mapreduce.Job: Counters: 33
	File System Counters
		FILE: Number of bytes read=217845978
		FILE: Number of bytes written=211783969
		FILE: Number of read operations=0
		FILE: Number of large read operations=0
		FILE: Number of write operations=0
	Map-Reduce Framework
		Map input records=75880
		Map output records=75880
		Map output bytes=1051208
		Map output materialized bytes=1202974
		Input split bytes=132
		Combine input records=0
		Combine output records=0
		Reduce input groups=31936
		Reduce shuffle bytes=1202974
		Reduce input records=75880
		Reduce output records=75880
		Spilled Records=151760
		Shuffled Maps =1
		Failed Shuffles=0
		Merged Map outputs=1
		GC time elapsed (ms)=64
		CPU time spent (ms)=0
		Physical memory (bytes) snapshot=0
		Virtual memory (bytes) snapshot=0
		Total committed heap usage (bytes)=496246784
	Shuffle Errors
		BAD_ID=0
		CONNECTION=0
		IO_ERROR=0
		WRONG_LENGTH=0
		WRONG_MAP=0
		WRONG_REDUCE=0
	File Input Format Counters 
		Bytes Read=4519716
	File Output Format Counters 
		Bytes Written=1951855
