2018-01-08 08:50:58,586 WARN org.apache.hadoop.util.NativeCodeLoader: Unable to load native-hadoop library for your platform... using builtin-java classes where applicable
2018-01-08 08:51:01,030 INFO org.apache.hadoop.conf.Configuration.deprecation: session.id is deprecated. Instead, use dfs.metrics.session-id
2018-01-08 08:51:01,036 INFO org.apache.hadoop.metrics.jvm.JvmMetrics: Initializing JVM Metrics with processName=JobTracker, sessionId=
2018-01-08 08:51:01,780 WARN org.apache.hadoop.mapreduce.JobResourceUploader: Hadoop command-line option parsing not performed. Implement the Tool interface and execute your application with ToolRunner to remedy this.
2018-01-08 08:51:01,785 WARN org.apache.hadoop.mapreduce.JobResourceUploader: No job jar file set.  User classes may not be found. See Job or Job#setJar(String).
2018-01-08 08:51:01,810 INFO org.apache.hadoop.mapreduce.lib.input.FileInputFormat: Total input paths to process : 2
2018-01-08 08:51:01,906 INFO org.apache.hadoop.mapreduce.JobSubmitter: number of splits:2
2018-01-08 08:51:02,810 INFO org.apache.hadoop.mapreduce.JobSubmitter: Submitting tokens for job: job_local1216648759_0001
2018-01-08 08:51:04,113 INFO org.apache.hadoop.mapreduce.Job: The url to track the job: http://localhost:8080/
2018-01-08 08:51:04,115 INFO org.apache.hadoop.mapreduce.Job: Running job: job_local1216648759_0001
2018-01-08 08:51:04,124 INFO org.apache.hadoop.mapred.LocalJobRunner: OutputCommitter set in config null
2018-01-08 08:51:04,171 INFO org.apache.hadoop.mapreduce.lib.output.FileOutputCommitter: File Output Committer Algorithm version is 1
2018-01-08 08:51:04,184 INFO org.apache.hadoop.mapred.LocalJobRunner: OutputCommitter is org.apache.hadoop.mapreduce.lib.output.FileOutputCommitter
2018-01-08 08:51:04,490 INFO org.apache.hadoop.mapred.LocalJobRunner: Waiting for map tasks
2018-01-08 08:51:04,494 INFO org.apache.hadoop.mapred.LocalJobRunner: Starting task: attempt_local1216648759_0001_m_000000_0
2018-01-08 08:51:04,619 INFO org.apache.hadoop.mapreduce.lib.output.FileOutputCommitter: File Output Committer Algorithm version is 1
2018-01-08 08:51:04,666 INFO org.apache.hadoop.mapred.Task:  Using ResourceCalculatorProcessTree : [ ]
2018-01-08 08:51:04,679 INFO org.apache.hadoop.mapred.MapTask: Processing split: file:/home/cloudera/workspace/TFIFD/input/ROBINSON CRUSOE.txt:0+624406
2018-01-08 08:51:04,906 INFO org.apache.hadoop.mapred.MapTask: (EQUATOR) 0 kvi 26214396(104857584)
2018-01-08 08:51:04,908 INFO org.apache.hadoop.mapred.MapTask: mapreduce.task.io.sort.mb: 100
2018-01-08 08:51:04,908 INFO org.apache.hadoop.mapred.MapTask: soft limit at 83886080
2018-01-08 08:51:04,908 INFO org.apache.hadoop.mapred.MapTask: bufstart = 0; bufvoid = 104857600
2018-01-08 08:51:04,910 INFO org.apache.hadoop.mapred.MapTask: kvstart = 26214396; length = 6553600
2018-01-08 08:51:04,928 INFO org.apache.hadoop.mapred.MapTask: Map output collector class = org.apache.hadoop.mapred.MapTask$MapOutputBuffer
2018-01-08 08:51:05,152 INFO org.apache.hadoop.mapreduce.Job: Job job_local1216648759_0001 running in uber mode : false
2018-01-08 08:51:05,155 INFO org.apache.hadoop.mapreduce.Job:  map 0% reduce 0%
2018-01-08 08:51:07,159 INFO org.apache.hadoop.mapred.LocalJobRunner: 
2018-01-08 08:51:07,162 INFO org.apache.hadoop.mapred.MapTask: Starting flush of map output
2018-01-08 08:51:07,162 INFO org.apache.hadoop.mapred.MapTask: Spilling map output
2018-01-08 08:51:07,162 INFO org.apache.hadoop.mapred.MapTask: bufstart = 0; bufend = 3870803; bufvoid = 104857600
2018-01-08 08:51:07,163 INFO org.apache.hadoop.mapred.MapTask: kvstart = 26214396(104857584); kvend = 25730040(102920160); length = 484357/6553600
2018-01-08 08:51:08,404 INFO org.apache.hadoop.mapred.MapTask: Finished spill 0
2018-01-08 08:51:08,434 INFO org.apache.hadoop.mapred.Task: Task:attempt_local1216648759_0001_m_000000_0 is done. And is in the process of committing
2018-01-08 08:51:08,446 INFO org.apache.hadoop.mapred.LocalJobRunner: map
2018-01-08 08:51:08,449 INFO org.apache.hadoop.mapred.Task: Task 'attempt_local1216648759_0001_m_000000_0' done.
2018-01-08 08:51:08,449 INFO org.apache.hadoop.mapred.LocalJobRunner: Finishing task: attempt_local1216648759_0001_m_000000_0
2018-01-08 08:51:08,450 INFO org.apache.hadoop.mapred.LocalJobRunner: Starting task: attempt_local1216648759_0001_m_000001_0
2018-01-08 08:51:08,451 INFO org.apache.hadoop.mapreduce.lib.output.FileOutputCommitter: File Output Committer Algorithm version is 1
2018-01-08 08:51:08,452 INFO org.apache.hadoop.mapred.Task:  Using ResourceCalculatorProcessTree : [ ]
2018-01-08 08:51:08,453 INFO org.apache.hadoop.mapred.MapTask: Processing split: file:/home/cloudera/workspace/TFIFD/input/THE CALL OF THE WILD.txt:0+175999
2018-01-08 08:51:08,512 INFO org.apache.hadoop.mapred.MapTask: (EQUATOR) 0 kvi 26214396(104857584)
2018-01-08 08:51:08,513 INFO org.apache.hadoop.mapred.MapTask: mapreduce.task.io.sort.mb: 100
2018-01-08 08:51:08,513 INFO org.apache.hadoop.mapred.MapTask: soft limit at 83886080
2018-01-08 08:51:08,514 INFO org.apache.hadoop.mapred.MapTask: bufstart = 0; bufvoid = 104857600
2018-01-08 08:51:08,514 INFO org.apache.hadoop.mapred.MapTask: kvstart = 26214396; length = 6553600
2018-01-08 08:51:08,515 INFO org.apache.hadoop.mapred.MapTask: Map output collector class = org.apache.hadoop.mapred.MapTask$MapOutputBuffer
2018-01-08 08:51:08,736 INFO org.apache.hadoop.mapred.LocalJobRunner: 
2018-01-08 08:51:08,736 INFO org.apache.hadoop.mapred.MapTask: Starting flush of map output
2018-01-08 08:51:08,736 INFO org.apache.hadoop.mapred.MapTask: Spilling map output
2018-01-08 08:51:08,737 INFO org.apache.hadoop.mapred.MapTask: bufstart = 0; bufend = 1180838; bufvoid = 104857600
2018-01-08 08:51:08,737 INFO org.apache.hadoop.mapred.MapTask: kvstart = 26214396(104857584); kvend = 26087960(104351840); length = 126437/6553600
2018-01-08 08:51:08,926 INFO org.apache.hadoop.mapred.MapTask: Finished spill 0
2018-01-08 08:51:08,934 INFO org.apache.hadoop.mapred.Task: Task:attempt_local1216648759_0001_m_000001_0 is done. And is in the process of committing
2018-01-08 08:51:08,936 INFO org.apache.hadoop.mapred.LocalJobRunner: map
2018-01-08 08:51:08,941 INFO org.apache.hadoop.mapred.Task: Task 'attempt_local1216648759_0001_m_000001_0' done.
2018-01-08 08:51:08,941 INFO org.apache.hadoop.mapred.LocalJobRunner: Finishing task: attempt_local1216648759_0001_m_000001_0
2018-01-08 08:51:08,943 INFO org.apache.hadoop.mapred.LocalJobRunner: map task executor complete.
2018-01-08 08:51:08,990 INFO org.apache.hadoop.mapred.LocalJobRunner: Waiting for reduce tasks
2018-01-08 08:51:08,993 INFO org.apache.hadoop.mapred.LocalJobRunner: Starting task: attempt_local1216648759_0001_r_000000_0
2018-01-08 08:51:09,021 INFO org.apache.hadoop.mapreduce.lib.output.FileOutputCommitter: File Output Committer Algorithm version is 1
2018-01-08 08:51:09,022 INFO org.apache.hadoop.mapred.Task:  Using ResourceCalculatorProcessTree : [ ]
2018-01-08 08:51:09,037 INFO org.apache.hadoop.mapred.ReduceTask: Using ShuffleConsumerPlugin: org.apache.hadoop.mapreduce.task.reduce.Shuffle@7ba4fbb4
2018-01-08 08:51:09,152 INFO org.apache.hadoop.mapreduce.task.reduce.MergeManagerImpl: MergerManager: memoryLimit=679778688, maxSingleShuffleLimit=169944672, mergeThreshold=448653952, ioSortFactor=10, memToMemMergeOutputsThreshold=10
2018-01-08 08:51:09,160 INFO org.apache.hadoop.mapreduce.task.reduce.EventFetcher: attempt_local1216648759_0001_r_000000_0 Thread started: EventFetcher for fetching Map Completion Events
2018-01-08 08:51:09,188 INFO org.apache.hadoop.mapreduce.task.reduce.LocalFetcher: localfetcher#1 about to shuffle output of map attempt_local1216648759_0001_m_000000_0 decomp: 233437 len: 233441 to MEMORY
2018-01-08 08:51:09,194 INFO org.apache.hadoop.mapreduce.task.reduce.InMemoryMapOutput: Read 233437 bytes from map-output for attempt_local1216648759_0001_m_000000_0
2018-01-08 08:51:09,196 INFO org.apache.hadoop.mapreduce.task.reduce.MergeManagerImpl: closeInMemoryFile -> map-output of size: 233437, inMemoryMapOutputs.size() -> 1, commitMemory -> 0, usedMemory ->233437
2018-01-08 08:51:09,199 INFO org.apache.hadoop.mapreduce.task.reduce.LocalFetcher: localfetcher#1 about to shuffle output of map attempt_local1216648759_0001_m_000001_0 decomp: 202568 len: 202572 to MEMORY
2018-01-08 08:51:09,200 INFO org.apache.hadoop.mapreduce.task.reduce.InMemoryMapOutput: Read 202568 bytes from map-output for attempt_local1216648759_0001_m_000001_0
2018-01-08 08:51:09,200 INFO org.apache.hadoop.mapreduce.task.reduce.MergeManagerImpl: closeInMemoryFile -> map-output of size: 202568, inMemoryMapOutputs.size() -> 2, commitMemory -> 233437, usedMemory ->436005
2018-01-08 08:51:09,200 INFO org.apache.hadoop.mapreduce.task.reduce.EventFetcher: EventFetcher is interrupted.. Returning
2018-01-08 08:51:09,202 INFO org.apache.hadoop.mapred.LocalJobRunner: 2 / 2 copied.
2018-01-08 08:51:09,202 INFO org.apache.hadoop.mapreduce.task.reduce.MergeManagerImpl: finalMerge called with 2 in-memory map-outputs and 0 on-disk map-outputs
2018-01-08 08:51:09,212 INFO org.apache.hadoop.mapred.Merger: Merging 2 sorted segments
2018-01-08 08:51:09,212 INFO org.apache.hadoop.mapred.Merger: Down to the last merge-pass, with 2 segments left of total size: 435943 bytes
2018-01-08 08:51:09,255 INFO org.apache.hadoop.mapreduce.Job:  map 100% reduce 0%
2018-01-08 08:51:09,388 INFO org.apache.hadoop.mapreduce.task.reduce.MergeManagerImpl: Merged 2 segments, 436005 bytes to disk to satisfy reduce memory limit
2018-01-08 08:51:09,390 INFO org.apache.hadoop.mapreduce.task.reduce.MergeManagerImpl: Merging 1 files, 436007 bytes from disk
2018-01-08 08:51:09,392 INFO org.apache.hadoop.mapreduce.task.reduce.MergeManagerImpl: Merging 0 segments, 0 bytes from memory into reduce
2018-01-08 08:51:09,394 INFO org.apache.hadoop.mapred.Merger: Merging 1 sorted segments
2018-01-08 08:51:09,398 INFO org.apache.hadoop.mapred.Merger: Down to the last merge-pass, with 1 segments left of total size: 435976 bytes
2018-01-08 08:51:09,399 INFO org.apache.hadoop.mapred.LocalJobRunner: 2 / 2 copied.
2018-01-08 08:51:09,418 INFO org.apache.hadoop.conf.Configuration.deprecation: mapred.skip.on is deprecated. Instead, use mapreduce.job.skiprecords
2018-01-08 08:51:10,049 INFO org.apache.hadoop.mapred.Task: Task:attempt_local1216648759_0001_r_000000_0 is done. And is in the process of committing
2018-01-08 08:51:10,053 INFO org.apache.hadoop.mapred.LocalJobRunner: 2 / 2 copied.
2018-01-08 08:51:10,054 INFO org.apache.hadoop.mapred.Task: Task attempt_local1216648759_0001_r_000000_0 is allowed to commit now
2018-01-08 08:51:10,059 INFO org.apache.hadoop.mapreduce.lib.output.FileOutputCommitter: Saved output of task 'attempt_local1216648759_0001_r_000000_0' to file:/home/cloudera/workspace/TFIFD/output/step00/_temporary/0/task_local1216648759_0001_r_000000
2018-01-08 08:51:10,060 INFO org.apache.hadoop.mapred.LocalJobRunner: reduce > reduce
2018-01-08 08:51:10,063 INFO org.apache.hadoop.mapred.Task: Task 'attempt_local1216648759_0001_r_000000_0' done.
2018-01-08 08:51:10,064 INFO org.apache.hadoop.mapred.LocalJobRunner: Finishing task: attempt_local1216648759_0001_r_000000_0
2018-01-08 08:51:10,064 INFO org.apache.hadoop.mapred.LocalJobRunner: reduce task executor complete.
2018-01-08 08:51:10,255 INFO org.apache.hadoop.mapreduce.Job:  map 100% reduce 100%
2018-01-08 08:51:10,256 INFO org.apache.hadoop.mapreduce.Job: Job job_local1216648759_0001 completed successfully
2018-01-08 08:51:10,300 INFO org.apache.hadoop.mapreduce.Job: Counters: 33
	File System Counters
		FILE: Number of bytes read=3098845
		FILE: Number of bytes written=2730213
		FILE: Number of read operations=0
		FILE: Number of large read operations=0
		FILE: Number of write operations=0
	Map-Reduce Framework
		Map input records=13492
		Map output records=152700
		Map output bytes=5051641
		Map output materialized bytes=436013
		Input split bytes=257
		Combine input records=152700
		Combine output records=11150
		Reduce input groups=11150
		Reduce shuffle bytes=436013
		Reduce input records=11150
		Reduce output records=11150
		Spilled Records=22300
		Shuffled Maps =2
		Failed Shuffles=0
		Merged Map outputs=2
		GC time elapsed (ms)=103
		CPU time spent (ms)=0
		Physical memory (bytes) snapshot=0
		Virtual memory (bytes) snapshot=0
		Total committed heap usage (bytes)=591212544
	Shuffle Errors
		BAD_ID=0
		CONNECTION=0
		IO_ERROR=0
		WRONG_LENGTH=0
		WRONG_MAP=0
		WRONG_REDUCE=0
	File Input Format Counters 
		Bytes Read=800405
	File Output Format Counters 
		Bytes Written=396156
2018-01-08 08:51:10,360 INFO org.apache.hadoop.metrics.jvm.JvmMetrics: Cannot initialize JVM Metrics with processName=JobTracker, sessionId= - already initialized
2018-01-08 08:51:10,384 WARN org.apache.hadoop.mapreduce.JobResourceUploader: Hadoop command-line option parsing not performed. Implement the Tool interface and execute your application with ToolRunner to remedy this.
2018-01-08 08:51:10,391 WARN org.apache.hadoop.mapreduce.JobResourceUploader: No job jar file set.  User classes may not be found. See Job or Job#setJar(String).
2018-01-08 08:51:10,403 INFO org.apache.hadoop.mapreduce.lib.input.FileInputFormat: Total input paths to process : 1
2018-01-08 08:51:10,418 INFO org.apache.hadoop.mapreduce.JobSubmitter: number of splits:1
2018-01-08 08:51:10,455 INFO org.apache.hadoop.mapreduce.JobSubmitter: Submitting tokens for job: job_local2139420166_0002
2018-01-08 08:51:10,689 INFO org.apache.hadoop.mapreduce.Job: The url to track the job: http://localhost:8080/
2018-01-08 08:51:10,690 INFO org.apache.hadoop.mapreduce.Job: Running job: job_local2139420166_0002
2018-01-08 08:51:10,692 INFO org.apache.hadoop.mapred.LocalJobRunner: OutputCommitter set in config null
2018-01-08 08:51:10,693 INFO org.apache.hadoop.mapreduce.lib.output.FileOutputCommitter: File Output Committer Algorithm version is 1
2018-01-08 08:51:10,694 INFO org.apache.hadoop.mapred.LocalJobRunner: OutputCommitter is org.apache.hadoop.mapreduce.lib.output.FileOutputCommitter
2018-01-08 08:51:10,704 INFO org.apache.hadoop.mapred.LocalJobRunner: Waiting for map tasks
2018-01-08 08:51:10,705 INFO org.apache.hadoop.mapred.LocalJobRunner: Starting task: attempt_local2139420166_0002_m_000000_0
2018-01-08 08:51:10,709 INFO org.apache.hadoop.mapreduce.lib.output.FileOutputCommitter: File Output Committer Algorithm version is 1
2018-01-08 08:51:10,709 INFO org.apache.hadoop.mapred.Task:  Using ResourceCalculatorProcessTree : [ ]
2018-01-08 08:51:10,710 INFO org.apache.hadoop.mapred.MapTask: Processing split: file:/home/cloudera/workspace/TFIFD/output/step00/part-r-00000:0+393076
2018-01-08 08:51:10,780 INFO org.apache.hadoop.mapred.MapTask: (EQUATOR) 0 kvi 26214396(104857584)
2018-01-08 08:51:10,781 INFO org.apache.hadoop.mapred.MapTask: mapreduce.task.io.sort.mb: 100
2018-01-08 08:51:10,781 INFO org.apache.hadoop.mapred.MapTask: soft limit at 83886080
2018-01-08 08:51:10,781 INFO org.apache.hadoop.mapred.MapTask: bufstart = 0; bufvoid = 104857600
2018-01-08 08:51:10,781 INFO org.apache.hadoop.mapred.MapTask: kvstart = 26214396; length = 6553600
2018-01-08 08:51:10,786 INFO org.apache.hadoop.mapred.MapTask: Map output collector class = org.apache.hadoop.mapred.MapTask$MapOutputBuffer
2018-01-08 08:51:11,513 INFO org.apache.hadoop.mapred.LocalJobRunner: 
2018-01-08 08:51:11,515 INFO org.apache.hadoop.mapred.MapTask: Starting flush of map output
2018-01-08 08:51:11,515 INFO org.apache.hadoop.mapred.MapTask: Spilling map output
2018-01-08 08:51:11,515 INFO org.apache.hadoop.mapred.MapTask: bufstart = 0; bufend = 359626; bufvoid = 104857600
2018-01-08 08:51:11,515 INFO org.apache.hadoop.mapred.MapTask: kvstart = 26214396(104857584); kvend = 26169800(104679200); length = 44597/6553600
2018-01-08 08:51:11,576 INFO org.apache.hadoop.mapred.MapTask: Finished spill 0
2018-01-08 08:51:11,580 INFO org.apache.hadoop.mapred.Task: Task:attempt_local2139420166_0002_m_000000_0 is done. And is in the process of committing
2018-01-08 08:51:11,585 INFO org.apache.hadoop.mapred.LocalJobRunner: map
2018-01-08 08:51:11,585 INFO org.apache.hadoop.mapred.Task: Task 'attempt_local2139420166_0002_m_000000_0' done.
2018-01-08 08:51:11,585 INFO org.apache.hadoop.mapred.LocalJobRunner: Finishing task: attempt_local2139420166_0002_m_000000_0
2018-01-08 08:51:11,585 INFO org.apache.hadoop.mapred.LocalJobRunner: map task executor complete.
2018-01-08 08:51:11,590 INFO org.apache.hadoop.mapred.LocalJobRunner: Waiting for reduce tasks
2018-01-08 08:51:11,591 INFO org.apache.hadoop.mapred.LocalJobRunner: Starting task: attempt_local2139420166_0002_r_000000_0
2018-01-08 08:51:11,596 INFO org.apache.hadoop.mapreduce.lib.output.FileOutputCommitter: File Output Committer Algorithm version is 1
2018-01-08 08:51:11,596 INFO org.apache.hadoop.mapred.Task:  Using ResourceCalculatorProcessTree : [ ]
2018-01-08 08:51:11,597 INFO org.apache.hadoop.mapred.ReduceTask: Using ShuffleConsumerPlugin: org.apache.hadoop.mapreduce.task.reduce.Shuffle@7791d63a
2018-01-08 08:51:11,597 INFO org.apache.hadoop.mapreduce.task.reduce.MergeManagerImpl: MergerManager: memoryLimit=679778688, maxSingleShuffleLimit=169944672, mergeThreshold=448653952, ioSortFactor=10, memToMemMergeOutputsThreshold=10
2018-01-08 08:51:11,606 INFO org.apache.hadoop.mapreduce.task.reduce.EventFetcher: attempt_local2139420166_0002_r_000000_0 Thread started: EventFetcher for fetching Map Completion Events
2018-01-08 08:51:11,607 INFO org.apache.hadoop.mapreduce.task.reduce.LocalFetcher: localfetcher#2 about to shuffle output of map attempt_local2139420166_0002_m_000000_0 decomp: 381928 len: 381932 to MEMORY
2018-01-08 08:51:11,608 INFO org.apache.hadoop.mapreduce.task.reduce.InMemoryMapOutput: Read 381928 bytes from map-output for attempt_local2139420166_0002_m_000000_0
2018-01-08 08:51:11,612 INFO org.apache.hadoop.mapreduce.task.reduce.MergeManagerImpl: closeInMemoryFile -> map-output of size: 381928, inMemoryMapOutputs.size() -> 1, commitMemory -> 0, usedMemory ->381928
2018-01-08 08:51:11,613 INFO org.apache.hadoop.mapreduce.task.reduce.EventFetcher: EventFetcher is interrupted.. Returning
2018-01-08 08:51:11,613 INFO org.apache.hadoop.mapred.LocalJobRunner: 1 / 1 copied.
2018-01-08 08:51:11,614 INFO org.apache.hadoop.mapreduce.task.reduce.MergeManagerImpl: finalMerge called with 1 in-memory map-outputs and 0 on-disk map-outputs
2018-01-08 08:51:11,619 INFO org.apache.hadoop.mapred.Merger: Merging 1 sorted segments
2018-01-08 08:51:11,620 INFO org.apache.hadoop.mapred.Merger: Down to the last merge-pass, with 1 segments left of total size: 381906 bytes
2018-01-08 08:51:11,666 INFO org.apache.hadoop.mapreduce.task.reduce.MergeManagerImpl: Merged 1 segments, 381928 bytes to disk to satisfy reduce memory limit
2018-01-08 08:51:11,672 INFO org.apache.hadoop.mapreduce.task.reduce.MergeManagerImpl: Merging 1 files, 381932 bytes from disk
2018-01-08 08:51:11,673 INFO org.apache.hadoop.mapreduce.task.reduce.MergeManagerImpl: Merging 0 segments, 0 bytes from memory into reduce
2018-01-08 08:51:11,673 INFO org.apache.hadoop.mapred.Merger: Merging 1 sorted segments
2018-01-08 08:51:11,673 INFO org.apache.hadoop.mapred.Merger: Down to the last merge-pass, with 1 segments left of total size: 381906 bytes
2018-01-08 08:51:11,674 INFO org.apache.hadoop.mapred.LocalJobRunner: 1 / 1 copied.
2018-01-08 08:51:11,690 INFO org.apache.hadoop.mapreduce.Job: Job job_local2139420166_0002 running in uber mode : false
2018-01-08 08:51:11,691 INFO org.apache.hadoop.mapreduce.Job:  map 100% reduce 0%
2018-01-08 08:51:11,979 INFO org.apache.hadoop.mapred.Task: Task:attempt_local2139420166_0002_r_000000_0 is done. And is in the process of committing
2018-01-08 08:51:11,983 INFO org.apache.hadoop.mapred.LocalJobRunner: 1 / 1 copied.
2018-01-08 08:51:11,986 INFO org.apache.hadoop.mapred.Task: Task attempt_local2139420166_0002_r_000000_0 is allowed to commit now
2018-01-08 08:51:11,987 INFO org.apache.hadoop.mapreduce.lib.output.FileOutputCommitter: Saved output of task 'attempt_local2139420166_0002_r_000000_0' to file:/home/cloudera/workspace/TFIFD/output/step01/_temporary/0/task_local2139420166_0002_r_000000
2018-01-08 08:51:11,990 INFO org.apache.hadoop.mapred.LocalJobRunner: reduce > reduce
2018-01-08 08:51:11,991 INFO org.apache.hadoop.mapred.Task: Task 'attempt_local2139420166_0002_r_000000_0' done.
2018-01-08 08:51:11,991 INFO org.apache.hadoop.mapred.LocalJobRunner: Finishing task: attempt_local2139420166_0002_r_000000_0
2018-01-08 08:51:11,991 INFO org.apache.hadoop.mapred.LocalJobRunner: reduce task executor complete.
2018-01-08 08:51:12,693 INFO org.apache.hadoop.mapreduce.Job:  map 100% reduce 100%
2018-01-08 08:51:12,695 INFO org.apache.hadoop.mapreduce.Job: Job job_local2139420166_0002 completed successfully
2018-01-08 08:51:12,713 INFO org.apache.hadoop.mapreduce.Job: Counters: 33
	File System Counters
		FILE: Number of bytes read=4902776
		FILE: Number of bytes written=5207723
		FILE: Number of read operations=0
		FILE: Number of large read operations=0
		FILE: Number of write operations=0
	Map-Reduce Framework
		Map input records=11150
		Map output records=11150
		Map output bytes=359626
		Map output materialized bytes=381932
		Input split bytes=127
		Combine input records=0
		Combine output records=0
		Reduce input groups=2
		Reduce shuffle bytes=381932
		Reduce input records=11150
		Reduce output records=11150
		Spilled Records=22300
		Shuffled Maps =1
		Failed Shuffles=0
		Merged Map outputs=1
		GC time elapsed (ms)=34
		CPU time spent (ms)=0
		Physical memory (bytes) snapshot=0
		Virtual memory (bytes) snapshot=0
		Total committed heap usage (bytes)=395190272
	Shuffle Errors
		BAD_ID=0
		CONNECTION=0
		IO_ERROR=0
		WRONG_LENGTH=0
		WRONG_MAP=0
		WRONG_REDUCE=0
	File Input Format Counters 
		Bytes Read=396160
	File Output Format Counters 
		Bytes Written=469941
2018-01-08 08:51:12,764 INFO org.apache.hadoop.metrics.jvm.JvmMetrics: Cannot initialize JVM Metrics with processName=JobTracker, sessionId= - already initialized
2018-01-08 08:51:12,782 WARN org.apache.hadoop.mapreduce.JobResourceUploader: Hadoop command-line option parsing not performed. Implement the Tool interface and execute your application with ToolRunner to remedy this.
2018-01-08 08:51:12,791 WARN org.apache.hadoop.mapreduce.JobResourceUploader: No job jar file set.  User classes may not be found. See Job or Job#setJar(String).
2018-01-08 08:51:12,835 INFO org.apache.hadoop.mapreduce.lib.input.FileInputFormat: Total input paths to process : 1
2018-01-08 08:51:12,879 INFO org.apache.hadoop.mapreduce.JobSubmitter: number of splits:1
2018-01-08 08:51:13,229 INFO org.apache.hadoop.mapreduce.JobSubmitter: Submitting tokens for job: job_local1804089029_0003
2018-01-08 08:51:13,516 INFO org.apache.hadoop.mapreduce.Job: The url to track the job: http://localhost:8080/
2018-01-08 08:51:13,517 INFO org.apache.hadoop.mapreduce.Job: Running job: job_local1804089029_0003
2018-01-08 08:51:13,518 INFO org.apache.hadoop.mapred.LocalJobRunner: OutputCommitter set in config null
2018-01-08 08:51:13,520 INFO org.apache.hadoop.mapreduce.lib.output.FileOutputCommitter: File Output Committer Algorithm version is 1
2018-01-08 08:51:13,521 INFO org.apache.hadoop.mapred.LocalJobRunner: OutputCommitter is org.apache.hadoop.mapreduce.lib.output.FileOutputCommitter
2018-01-08 08:51:13,538 INFO org.apache.hadoop.mapred.LocalJobRunner: Waiting for map tasks
2018-01-08 08:51:13,539 INFO org.apache.hadoop.mapred.LocalJobRunner: Starting task: attempt_local1804089029_0003_m_000000_0
2018-01-08 08:51:13,545 INFO org.apache.hadoop.mapreduce.lib.output.FileOutputCommitter: File Output Committer Algorithm version is 1
2018-01-08 08:51:13,546 INFO org.apache.hadoop.mapred.Task:  Using ResourceCalculatorProcessTree : [ ]
2018-01-08 08:51:13,555 INFO org.apache.hadoop.mapred.MapTask: Processing split: file:/home/cloudera/workspace/TFIFD/output/step01/part-r-00000:0+466289
2018-01-08 08:51:13,705 INFO org.apache.hadoop.mapred.MapTask: (EQUATOR) 0 kvi 26214396(104857584)
2018-01-08 08:51:13,705 INFO org.apache.hadoop.mapred.MapTask: mapreduce.task.io.sort.mb: 100
2018-01-08 08:51:13,705 INFO org.apache.hadoop.mapred.MapTask: soft limit at 83886080
2018-01-08 08:51:13,705 INFO org.apache.hadoop.mapred.MapTask: bufstart = 0; bufvoid = 104857600
2018-01-08 08:51:13,705 INFO org.apache.hadoop.mapred.MapTask: kvstart = 26214396; length = 6553600
2018-01-08 08:51:13,712 INFO org.apache.hadoop.mapred.MapTask: Map output collector class = org.apache.hadoop.mapred.MapTask$MapOutputBuffer
2018-01-08 08:51:13,988 INFO org.apache.hadoop.mapred.LocalJobRunner: 
2018-01-08 08:51:13,993 INFO org.apache.hadoop.mapred.MapTask: Starting flush of map output
2018-01-08 08:51:13,993 INFO org.apache.hadoop.mapred.MapTask: Spilling map output
2018-01-08 08:51:13,993 INFO org.apache.hadoop.mapred.MapTask: bufstart = 0; bufend = 432839; bufvoid = 104857600
2018-01-08 08:51:13,993 INFO org.apache.hadoop.mapred.MapTask: kvstart = 26214396(104857584); kvend = 26169800(104679200); length = 44597/6553600
2018-01-08 08:51:14,169 INFO org.apache.hadoop.mapred.MapTask: Finished spill 0
2018-01-08 08:51:14,173 INFO org.apache.hadoop.mapred.Task: Task:attempt_local1804089029_0003_m_000000_0 is done. And is in the process of committing
2018-01-08 08:51:14,192 INFO org.apache.hadoop.mapred.LocalJobRunner: map
2018-01-08 08:51:14,193 INFO org.apache.hadoop.mapred.Task: Task 'attempt_local1804089029_0003_m_000000_0' done.
2018-01-08 08:51:14,193 INFO org.apache.hadoop.mapred.LocalJobRunner: Finishing task: attempt_local1804089029_0003_m_000000_0
2018-01-08 08:51:14,193 INFO org.apache.hadoop.mapred.LocalJobRunner: map task executor complete.
2018-01-08 08:51:14,197 INFO org.apache.hadoop.mapred.LocalJobRunner: Waiting for reduce tasks
2018-01-08 08:51:14,197 INFO org.apache.hadoop.mapred.LocalJobRunner: Starting task: attempt_local1804089029_0003_r_000000_0
2018-01-08 08:51:14,209 INFO org.apache.hadoop.mapreduce.lib.output.FileOutputCommitter: File Output Committer Algorithm version is 1
2018-01-08 08:51:14,211 INFO org.apache.hadoop.mapred.Task:  Using ResourceCalculatorProcessTree : [ ]
2018-01-08 08:51:14,211 INFO org.apache.hadoop.mapred.ReduceTask: Using ShuffleConsumerPlugin: org.apache.hadoop.mapreduce.task.reduce.Shuffle@4fffd16d
2018-01-08 08:51:14,217 INFO org.apache.hadoop.mapreduce.task.reduce.MergeManagerImpl: MergerManager: memoryLimit=679778688, maxSingleShuffleLimit=169944672, mergeThreshold=448653952, ioSortFactor=10, memToMemMergeOutputsThreshold=10
2018-01-08 08:51:14,230 INFO org.apache.hadoop.mapreduce.task.reduce.EventFetcher: attempt_local1804089029_0003_r_000000_0 Thread started: EventFetcher for fetching Map Completion Events
2018-01-08 08:51:14,234 INFO org.apache.hadoop.mapreduce.task.reduce.LocalFetcher: localfetcher#3 about to shuffle output of map attempt_local1804089029_0003_m_000000_0 decomp: 455141 len: 455145 to MEMORY
2018-01-08 08:51:14,243 INFO org.apache.hadoop.mapreduce.task.reduce.InMemoryMapOutput: Read 455141 bytes from map-output for attempt_local1804089029_0003_m_000000_0
2018-01-08 08:51:14,244 INFO org.apache.hadoop.mapreduce.task.reduce.MergeManagerImpl: closeInMemoryFile -> map-output of size: 455141, inMemoryMapOutputs.size() -> 1, commitMemory -> 0, usedMemory ->455141
2018-01-08 08:51:14,245 INFO org.apache.hadoop.mapreduce.task.reduce.EventFetcher: EventFetcher is interrupted.. Returning
2018-01-08 08:51:14,248 INFO org.apache.hadoop.mapred.LocalJobRunner: 1 / 1 copied.
2018-01-08 08:51:14,248 INFO org.apache.hadoop.mapreduce.task.reduce.MergeManagerImpl: finalMerge called with 1 in-memory map-outputs and 0 on-disk map-outputs
2018-01-08 08:51:14,253 INFO org.apache.hadoop.mapred.Merger: Merging 1 sorted segments
2018-01-08 08:51:14,253 INFO org.apache.hadoop.mapred.Merger: Down to the last merge-pass, with 1 segments left of total size: 455137 bytes
2018-01-08 08:51:14,300 INFO org.apache.hadoop.mapreduce.task.reduce.MergeManagerImpl: Merged 1 segments, 455141 bytes to disk to satisfy reduce memory limit
2018-01-08 08:51:14,304 INFO org.apache.hadoop.mapreduce.task.reduce.MergeManagerImpl: Merging 1 files, 455145 bytes from disk
2018-01-08 08:51:14,306 INFO org.apache.hadoop.mapreduce.task.reduce.MergeManagerImpl: Merging 0 segments, 0 bytes from memory into reduce
2018-01-08 08:51:14,307 INFO org.apache.hadoop.mapred.Merger: Merging 1 sorted segments
2018-01-08 08:51:14,308 INFO org.apache.hadoop.mapred.Merger: Down to the last merge-pass, with 1 segments left of total size: 455137 bytes
2018-01-08 08:51:14,309 INFO org.apache.hadoop.mapred.LocalJobRunner: 1 / 1 copied.
2018-01-08 08:51:14,518 INFO org.apache.hadoop.mapreduce.Job: Job job_local1804089029_0003 running in uber mode : false
2018-01-08 08:51:14,519 INFO org.apache.hadoop.mapreduce.Job:  map 100% reduce 0%
2018-01-08 08:51:15,859 INFO org.apache.hadoop.mapred.Task: Task:attempt_local1804089029_0003_r_000000_0 is done. And is in the process of committing
2018-01-08 08:51:15,865 INFO org.apache.hadoop.mapred.LocalJobRunner: 1 / 1 copied.
2018-01-08 08:51:15,867 INFO org.apache.hadoop.mapred.Task: Task attempt_local1804089029_0003_r_000000_0 is allowed to commit now
2018-01-08 08:51:15,872 INFO org.apache.hadoop.mapreduce.lib.output.FileOutputCommitter: Saved output of task 'attempt_local1804089029_0003_r_000000_0' to file:/home/cloudera/workspace/TFIFD/output/step02/_temporary/0/task_local1804089029_0003_r_000000
2018-01-08 08:51:15,875 INFO org.apache.hadoop.mapred.LocalJobRunner: reduce > reduce
2018-01-08 08:51:15,875 INFO org.apache.hadoop.mapred.Task: Task 'attempt_local1804089029_0003_r_000000_0' done.
2018-01-08 08:51:15,875 INFO org.apache.hadoop.mapred.LocalJobRunner: Finishing task: attempt_local1804089029_0003_r_000000_0
2018-01-08 08:51:15,875 INFO org.apache.hadoop.mapred.LocalJobRunner: reduce task executor complete.
2018-01-08 08:51:16,521 INFO org.apache.hadoop.mapreduce.Job:  map 100% reduce 100%
2018-01-08 08:51:16,523 INFO org.apache.hadoop.mapreduce.Job: Job job_local1804089029_0003 completed successfully
2018-01-08 08:51:16,549 INFO org.apache.hadoop.mapreduce.Job: Counters: 33
	File System Counters
		FILE: Number of bytes read=7517252
		FILE: Number of bytes written=8458816
		FILE: Number of read operations=0
		FILE: Number of large read operations=0
		FILE: Number of write operations=0
	Map-Reduce Framework
		Map input records=11150
		Map output records=11150
		Map output bytes=432839
		Map output materialized bytes=455145
		Input split bytes=127
		Combine input records=0
		Combine output records=0
		Reduce input groups=8962
		Reduce shuffle bytes=455145
		Reduce input records=11150
		Reduce output records=11150
		Spilled Records=22300
		Shuffled Maps =1
		Failed Shuffles=0
		Merged Map outputs=1
		GC time elapsed (ms)=102
		CPU time spent (ms)=0
		Physical memory (bytes) snapshot=0
		Virtual memory (bytes) snapshot=0
		Total committed heap usage (bytes)=495468544
	Shuffle Errors
		BAD_ID=0
		CONNECTION=0
		IO_ERROR=0
		WRONG_LENGTH=0
		WRONG_MAP=0
		WRONG_REDUCE=0
	File Input Format Counters 
		Bytes Read=469945
	File Output Format Counters 
		Bytes Written=506573
2018-01-08 08:51:16,717 INFO org.apache.hadoop.metrics.jvm.JvmMetrics: Cannot initialize JVM Metrics with processName=JobTracker, sessionId= - already initialized
2018-01-08 08:51:16,750 WARN org.apache.hadoop.mapreduce.JobResourceUploader: Hadoop command-line option parsing not performed. Implement the Tool interface and execute your application with ToolRunner to remedy this.
2018-01-08 08:51:16,768 WARN org.apache.hadoop.mapreduce.JobResourceUploader: No job jar file set.  User classes may not be found. See Job or Job#setJar(String).
2018-01-08 08:51:16,832 INFO org.apache.hadoop.mapreduce.lib.input.FileInputFormat: Total input paths to process : 1
2018-01-08 08:51:16,894 INFO org.apache.hadoop.mapreduce.JobSubmitter: number of splits:1
2018-01-08 08:51:16,989 INFO org.apache.hadoop.mapreduce.JobSubmitter: Submitting tokens for job: job_local499501893_0004
2018-01-08 08:51:17,657 INFO org.apache.hadoop.mapreduce.Job: The url to track the job: http://localhost:8080/
2018-01-08 08:51:17,658 INFO org.apache.hadoop.mapreduce.Job: Running job: job_local499501893_0004
2018-01-08 08:51:17,661 INFO org.apache.hadoop.mapred.LocalJobRunner: OutputCommitter set in config null
2018-01-08 08:51:17,666 INFO org.apache.hadoop.mapreduce.lib.output.FileOutputCommitter: File Output Committer Algorithm version is 1
2018-01-08 08:51:17,667 INFO org.apache.hadoop.mapred.LocalJobRunner: OutputCommitter is org.apache.hadoop.mapreduce.lib.output.FileOutputCommitter
2018-01-08 08:51:17,693 INFO org.apache.hadoop.mapred.LocalJobRunner: Waiting for map tasks
2018-01-08 08:51:17,695 INFO org.apache.hadoop.mapred.LocalJobRunner: Starting task: attempt_local499501893_0004_m_000000_0
2018-01-08 08:51:17,707 INFO org.apache.hadoop.mapreduce.lib.output.FileOutputCommitter: File Output Committer Algorithm version is 1
2018-01-08 08:51:17,720 INFO org.apache.hadoop.mapred.Task:  Using ResourceCalculatorProcessTree : [ ]
2018-01-08 08:51:17,731 INFO org.apache.hadoop.mapred.MapTask: Processing split: file:/home/cloudera/workspace/TFIFD/output/step02/part-r-00000:0+502637
2018-01-08 08:51:17,958 INFO org.apache.hadoop.mapred.MapTask: (EQUATOR) 0 kvi 26214396(104857584)
2018-01-08 08:51:17,967 INFO org.apache.hadoop.mapred.MapTask: mapreduce.task.io.sort.mb: 100
2018-01-08 08:51:17,967 INFO org.apache.hadoop.mapred.MapTask: soft limit at 83886080
2018-01-08 08:51:17,967 INFO org.apache.hadoop.mapred.MapTask: bufstart = 0; bufvoid = 104857600
2018-01-08 08:51:17,967 INFO org.apache.hadoop.mapred.MapTask: kvstart = 26214396; length = 6553600
2018-01-08 08:51:17,972 INFO org.apache.hadoop.mapred.MapTask: Map output collector class = org.apache.hadoop.mapred.MapTask$MapOutputBuffer
2018-01-08 08:51:18,110 INFO org.apache.hadoop.mapred.LocalJobRunner: 
2018-01-08 08:51:18,113 INFO org.apache.hadoop.mapred.MapTask: Starting flush of map output
2018-01-08 08:51:18,115 INFO org.apache.hadoop.mapred.MapTask: Spilling map output
2018-01-08 08:51:18,115 INFO org.apache.hadoop.mapred.MapTask: bufstart = 0; bufend = 491487; bufvoid = 104857600
2018-01-08 08:51:18,115 INFO org.apache.hadoop.mapred.MapTask: kvstart = 26214396(104857584); kvend = 26169800(104679200); length = 44597/6553600
2018-01-08 08:51:18,184 INFO org.apache.hadoop.mapred.MapTask: Finished spill 0
2018-01-08 08:51:18,191 INFO org.apache.hadoop.mapred.Task: Task:attempt_local499501893_0004_m_000000_0 is done. And is in the process of committing
2018-01-08 08:51:18,203 INFO org.apache.hadoop.mapred.LocalJobRunner: map
2018-01-08 08:51:18,204 INFO org.apache.hadoop.mapred.Task: Task 'attempt_local499501893_0004_m_000000_0' done.
2018-01-08 08:51:18,204 INFO org.apache.hadoop.mapred.LocalJobRunner: Finishing task: attempt_local499501893_0004_m_000000_0
2018-01-08 08:51:18,204 INFO org.apache.hadoop.mapred.LocalJobRunner: map task executor complete.
2018-01-08 08:51:18,209 INFO org.apache.hadoop.mapred.LocalJobRunner: Waiting for reduce tasks
2018-01-08 08:51:18,209 INFO org.apache.hadoop.mapred.LocalJobRunner: Starting task: attempt_local499501893_0004_r_000000_0
2018-01-08 08:51:18,227 INFO org.apache.hadoop.mapreduce.lib.output.FileOutputCommitter: File Output Committer Algorithm version is 1
2018-01-08 08:51:18,229 INFO org.apache.hadoop.mapred.Task:  Using ResourceCalculatorProcessTree : [ ]
2018-01-08 08:51:18,232 INFO org.apache.hadoop.mapred.ReduceTask: Using ShuffleConsumerPlugin: org.apache.hadoop.mapreduce.task.reduce.Shuffle@22b1221b
2018-01-08 08:51:18,240 INFO org.apache.hadoop.mapreduce.task.reduce.MergeManagerImpl: MergerManager: memoryLimit=679778688, maxSingleShuffleLimit=169944672, mergeThreshold=448653952, ioSortFactor=10, memToMemMergeOutputsThreshold=10
2018-01-08 08:51:18,248 INFO org.apache.hadoop.mapreduce.task.reduce.EventFetcher: attempt_local499501893_0004_r_000000_0 Thread started: EventFetcher for fetching Map Completion Events
2018-01-08 08:51:18,255 INFO org.apache.hadoop.mapreduce.task.reduce.LocalFetcher: localfetcher#4 about to shuffle output of map attempt_local499501893_0004_m_000000_0 decomp: 513789 len: 513793 to MEMORY
2018-01-08 08:51:18,261 INFO org.apache.hadoop.mapreduce.task.reduce.InMemoryMapOutput: Read 513789 bytes from map-output for attempt_local499501893_0004_m_000000_0
2018-01-08 08:51:18,263 INFO org.apache.hadoop.mapreduce.task.reduce.MergeManagerImpl: closeInMemoryFile -> map-output of size: 513789, inMemoryMapOutputs.size() -> 1, commitMemory -> 0, usedMemory ->513789
2018-01-08 08:51:18,264 INFO org.apache.hadoop.mapreduce.task.reduce.EventFetcher: EventFetcher is interrupted.. Returning
2018-01-08 08:51:18,267 INFO org.apache.hadoop.mapred.LocalJobRunner: 1 / 1 copied.
2018-01-08 08:51:18,278 INFO org.apache.hadoop.mapreduce.task.reduce.MergeManagerImpl: finalMerge called with 1 in-memory map-outputs and 0 on-disk map-outputs
2018-01-08 08:51:18,286 INFO org.apache.hadoop.mapred.Merger: Merging 1 sorted segments
2018-01-08 08:51:18,286 INFO org.apache.hadoop.mapred.Merger: Down to the last merge-pass, with 1 segments left of total size: 513776 bytes
2018-01-08 08:51:18,322 INFO org.apache.hadoop.mapreduce.task.reduce.MergeManagerImpl: Merged 1 segments, 513789 bytes to disk to satisfy reduce memory limit
2018-01-08 08:51:18,323 INFO org.apache.hadoop.mapreduce.task.reduce.MergeManagerImpl: Merging 1 files, 513793 bytes from disk
2018-01-08 08:51:18,323 INFO org.apache.hadoop.mapreduce.task.reduce.MergeManagerImpl: Merging 0 segments, 0 bytes from memory into reduce
2018-01-08 08:51:18,323 INFO org.apache.hadoop.mapred.Merger: Merging 1 sorted segments
2018-01-08 08:51:18,323 INFO org.apache.hadoop.mapred.Merger: Down to the last merge-pass, with 1 segments left of total size: 513776 bytes
2018-01-08 08:51:18,324 INFO org.apache.hadoop.mapred.LocalJobRunner: 1 / 1 copied.
2018-01-08 08:51:18,405 INFO org.apache.hadoop.mapred.Task: Task:attempt_local499501893_0004_r_000000_0 is done. And is in the process of committing
2018-01-08 08:51:18,414 INFO org.apache.hadoop.mapred.LocalJobRunner: 1 / 1 copied.
2018-01-08 08:51:18,416 INFO org.apache.hadoop.mapred.Task: Task attempt_local499501893_0004_r_000000_0 is allowed to commit now
2018-01-08 08:51:18,425 INFO org.apache.hadoop.mapreduce.lib.output.FileOutputCommitter: Saved output of task 'attempt_local499501893_0004_r_000000_0' to file:/home/cloudera/workspace/TFIFD/output/result/_temporary/0/task_local499501893_0004_r_000000
2018-01-08 08:51:18,429 INFO org.apache.hadoop.mapred.LocalJobRunner: reduce > reduce
2018-01-08 08:51:18,429 INFO org.apache.hadoop.mapred.Task: Task 'attempt_local499501893_0004_r_000000_0' done.
2018-01-08 08:51:18,432 INFO org.apache.hadoop.mapred.LocalJobRunner: Finishing task: attempt_local499501893_0004_r_000000_0
2018-01-08 08:51:18,432 INFO org.apache.hadoop.mapred.LocalJobRunner: reduce task executor complete.
2018-01-08 08:51:18,658 INFO org.apache.hadoop.mapreduce.Job: Job job_local499501893_0004 running in uber mode : false
2018-01-08 08:51:18,659 INFO org.apache.hadoop.mapreduce.Job:  map 100% reduce 100%
2018-01-08 08:51:18,661 INFO org.apache.hadoop.mapreduce.Job: Job job_local499501893_0004 completed successfully
2018-01-08 08:51:18,674 INFO org.apache.hadoop.mapreduce.Job: Counters: 33
	File System Counters
		FILE: Number of bytes read=10468714
		FILE: Number of bytes written=11980872
		FILE: Number of read operations=0
		FILE: Number of large read operations=0
		FILE: Number of write operations=0
	Map-Reduce Framework
		Map input records=11150
		Map output records=11150
		Map output bytes=491487
		Map output materialized bytes=513793
		Input split bytes=127
		Combine input records=0
		Combine output records=0
		Reduce input groups=404
		Reduce shuffle bytes=513793
		Reduce input records=11150
		Reduce output records=11150
		Spilled Records=22300
		Shuffled Maps =1
		Failed Shuffles=0
		Merged Map outputs=1
		GC time elapsed (ms)=130
		CPU time spent (ms)=0
		Physical memory (bytes) snapshot=0
		Virtual memory (bytes) snapshot=0
		Total committed heap usage (bytes)=331235328
	Shuffle Errors
		BAD_ID=0
		CONNECTION=0
		IO_ERROR=0
		WRONG_LENGTH=0
		WRONG_MAP=0
		WRONG_REDUCE=0
	File Input Format Counters 
		Bytes Read=506577
	File Output Format Counters 
		Bytes Written=495335
