2018-01-07 10:36:16,205 WARN org.apache.hadoop.util.NativeCodeLoader: Unable to load native-hadoop library for your platform... using builtin-java classes where applicable
2018-01-07 10:38:12,831 WARN org.apache.hadoop.util.NativeCodeLoader: Unable to load native-hadoop library for your platform... using builtin-java classes where applicable
2018-01-07 10:38:14,262 INFO org.apache.hadoop.conf.Configuration.deprecation: session.id is deprecated. Instead, use dfs.metrics.session-id
2018-01-07 10:38:14,267 INFO org.apache.hadoop.metrics.jvm.JvmMetrics: Initializing JVM Metrics with processName=JobTracker, sessionId=
2018-01-07 10:38:14,454 INFO org.apache.hadoop.metrics.jvm.JvmMetrics: Cannot initialize JVM Metrics with processName=JobTracker, sessionId= - already initialized
2018-01-07 10:38:14,588 WARN org.apache.hadoop.security.UserGroupInformation: PriviledgedActionException as:cloudera (auth:SIMPLE) cause:org.apache.hadoop.mapred.FileAlreadyExistsException: Output directory file:/home/cloudera/workspace/TreeParis/output already exists
2018-01-07 10:38:14,592 WARN org.apache.hadoop.security.UserGroupInformation: PriviledgedActionException as:cloudera (auth:SIMPLE) cause:org.apache.hadoop.mapred.FileAlreadyExistsException: Output directory file:/home/cloudera/workspace/TreeParis/output already exists
2018-01-07 10:42:33,536 WARN org.apache.hadoop.util.NativeCodeLoader: Unable to load native-hadoop library for your platform... using builtin-java classes where applicable
2018-01-07 10:42:36,690 INFO org.apache.hadoop.conf.Configuration.deprecation: session.id is deprecated. Instead, use dfs.metrics.session-id
2018-01-07 10:42:36,692 INFO org.apache.hadoop.metrics.jvm.JvmMetrics: Initializing JVM Metrics with processName=JobTracker, sessionId=
2018-01-07 10:42:36,878 INFO org.apache.hadoop.metrics.jvm.JvmMetrics: Cannot initialize JVM Metrics with processName=JobTracker, sessionId= - already initialized
2018-01-07 10:42:37,688 WARN org.apache.hadoop.util.NativeCodeLoader: Unable to load native-hadoop library for your platform... using builtin-java classes where applicable
2018-01-07 10:42:38,566 WARN org.apache.hadoop.mapreduce.JobResourceUploader: Hadoop command-line option parsing not performed. Implement the Tool interface and execute your application with ToolRunner to remedy this.
2018-01-07 10:42:38,580 WARN org.apache.hadoop.mapreduce.JobResourceUploader: No job jar file set.  User classes may not be found. See Job or Job#setJar(String).
2018-01-07 10:42:38,704 INFO org.apache.hadoop.mapreduce.JobSubmitter: Cleaning up the staging area file:/tmp/hadoop-cloudera/mapred/staging/cloudera1909514511/.staging/job_local1909514511_0001
2018-01-07 10:42:38,709 WARN org.apache.hadoop.security.UserGroupInformation: PriviledgedActionException as:cloudera (auth:SIMPLE) cause:org.apache.hadoop.mapred.InvalidInputException: Input path does not exist: file:/home/cloudera/workspace/TreeParis/Input/arbres.csv
2018-01-07 10:42:38,709 WARN org.apache.hadoop.security.UserGroupInformation: PriviledgedActionException as:cloudera (auth:SIMPLE) cause:org.apache.hadoop.mapred.InvalidInputException: Input path does not exist: file:/home/cloudera/workspace/TreeParis/Input/arbres.csv
2018-01-07 10:42:39,976 INFO org.apache.hadoop.conf.Configuration.deprecation: session.id is deprecated. Instead, use dfs.metrics.session-id
2018-01-07 10:42:39,983 INFO org.apache.hadoop.metrics.jvm.JvmMetrics: Initializing JVM Metrics with processName=JobTracker, sessionId=
2018-01-07 10:42:40,114 INFO org.apache.hadoop.metrics.jvm.JvmMetrics: Cannot initialize JVM Metrics with processName=JobTracker, sessionId= - already initialized
2018-01-07 10:42:40,555 WARN org.apache.hadoop.mapreduce.JobResourceUploader: Hadoop command-line option parsing not performed. Implement the Tool interface and execute your application with ToolRunner to remedy this.
2018-01-07 10:42:40,560 WARN org.apache.hadoop.mapreduce.JobResourceUploader: No job jar file set.  User classes may not be found. See Job or Job#setJar(String).
2018-01-07 10:42:40,585 INFO org.apache.hadoop.mapreduce.JobSubmitter: Cleaning up the staging area file:/tmp/hadoop-cloudera/mapred/staging/cloudera1465837682/.staging/job_local1465837682_0001
2018-01-07 10:42:40,586 WARN org.apache.hadoop.security.UserGroupInformation: PriviledgedActionException as:cloudera (auth:SIMPLE) cause:org.apache.hadoop.mapred.InvalidInputException: Input path does not exist: file:/home/cloudera/workspace/TreeParis/Input/arbres.csv
2018-01-07 10:42:40,587 WARN org.apache.hadoop.security.UserGroupInformation: PriviledgedActionException as:cloudera (auth:SIMPLE) cause:org.apache.hadoop.mapred.InvalidInputException: Input path does not exist: file:/home/cloudera/workspace/TreeParis/Input/arbres.csv
2018-01-07 10:43:20,957 WARN org.apache.hadoop.util.NativeCodeLoader: Unable to load native-hadoop library for your platform... using builtin-java classes where applicable
2018-01-07 10:43:24,358 INFO org.apache.hadoop.conf.Configuration.deprecation: session.id is deprecated. Instead, use dfs.metrics.session-id
2018-01-07 10:43:24,363 INFO org.apache.hadoop.metrics.jvm.JvmMetrics: Initializing JVM Metrics with processName=JobTracker, sessionId=
2018-01-07 10:43:24,522 INFO org.apache.hadoop.metrics.jvm.JvmMetrics: Cannot initialize JVM Metrics with processName=JobTracker, sessionId= - already initialized
2018-01-07 10:43:25,803 WARN org.apache.hadoop.mapreduce.JobResourceUploader: Hadoop command-line option parsing not performed. Implement the Tool interface and execute your application with ToolRunner to remedy this.
2018-01-07 10:43:25,825 WARN org.apache.hadoop.mapreduce.JobResourceUploader: No job jar file set.  User classes may not be found. See Job or Job#setJar(String).
2018-01-07 10:43:25,982 INFO org.apache.hadoop.mapred.FileInputFormat: Total input paths to process : 1
2018-01-07 10:43:26,199 INFO org.apache.hadoop.mapreduce.JobSubmitter: number of splits:1
2018-01-07 10:43:27,717 INFO org.apache.hadoop.mapreduce.JobSubmitter: Submitting tokens for job: job_local686259992_0001
2018-01-07 10:43:29,174 INFO org.apache.hadoop.mapreduce.Job: The url to track the job: http://localhost:8080/
2018-01-07 10:43:29,201 INFO org.apache.hadoop.mapred.LocalJobRunner: OutputCommitter set in config null
2018-01-07 10:43:29,209 INFO org.apache.hadoop.mapreduce.Job: Running job: job_local686259992_0001
2018-01-07 10:43:29,222 INFO org.apache.hadoop.mapred.LocalJobRunner: OutputCommitter is org.apache.hadoop.mapred.FileOutputCommitter
2018-01-07 10:43:29,271 INFO org.apache.hadoop.mapreduce.lib.output.FileOutputCommitter: File Output Committer Algorithm version is 1
2018-01-07 10:43:29,375 INFO org.apache.hadoop.mapred.LocalJobRunner: Waiting for map tasks
2018-01-07 10:43:29,383 INFO org.apache.hadoop.mapred.LocalJobRunner: Starting task: attempt_local686259992_0001_m_000000_0
2018-01-07 10:43:29,609 INFO org.apache.hadoop.mapreduce.lib.output.FileOutputCommitter: File Output Committer Algorithm version is 1
2018-01-07 10:43:29,664 INFO org.apache.hadoop.mapred.Task:  Using ResourceCalculatorProcessTree : [ ]
2018-01-07 10:43:29,701 INFO org.apache.hadoop.mapred.MapTask: Processing split: file:/home/cloudera/workspace/TreeParis/Input/arbres.csv:0+16778
2018-01-07 10:43:29,768 INFO org.apache.hadoop.mapred.MapTask: numReduceTasks: 1
2018-01-07 10:43:30,078 INFO org.apache.hadoop.mapred.MapTask: (EQUATOR) 0 kvi 26214396(104857584)
2018-01-07 10:43:30,080 INFO org.apache.hadoop.mapred.MapTask: mapreduce.task.io.sort.mb: 100
2018-01-07 10:43:30,082 INFO org.apache.hadoop.mapred.MapTask: soft limit at 83886080
2018-01-07 10:43:30,082 INFO org.apache.hadoop.mapred.MapTask: bufstart = 0; bufvoid = 104857600
2018-01-07 10:43:30,082 INFO org.apache.hadoop.mapred.MapTask: kvstart = 26214396; length = 6553600
2018-01-07 10:43:30,100 INFO org.apache.hadoop.mapred.MapTask: Map output collector class = org.apache.hadoop.mapred.MapTask$MapOutputBuffer
2018-01-07 10:43:30,229 INFO org.apache.hadoop.mapreduce.Job: Job job_local686259992_0001 running in uber mode : false
2018-01-07 10:43:30,258 INFO org.apache.hadoop.mapreduce.Job:  map 0% reduce 0%
2018-01-07 10:43:30,294 INFO org.apache.hadoop.mapred.LocalJobRunner: 
2018-01-07 10:43:30,295 INFO org.apache.hadoop.mapred.MapTask: Starting flush of map output
2018-01-07 10:43:30,296 INFO org.apache.hadoop.mapred.MapTask: Spilling map output
2018-01-07 10:43:30,300 INFO org.apache.hadoop.mapred.MapTask: bufstart = 0; bufend = 1233; bufvoid = 104857600
2018-01-07 10:43:30,300 INFO org.apache.hadoop.mapred.MapTask: kvstart = 26214396(104857584); kvend = 26214008(104856032); length = 389/6553600
2018-01-07 10:43:30,397 INFO org.apache.hadoop.mapred.MapTask: Finished spill 0
2018-01-07 10:43:30,405 INFO org.apache.hadoop.mapred.Task: Task:attempt_local686259992_0001_m_000000_0 is done. And is in the process of committing
2018-01-07 10:43:30,426 INFO org.apache.hadoop.mapred.LocalJobRunner: file:/home/cloudera/workspace/TreeParis/Input/arbres.csv:0+16778
2018-01-07 10:43:30,427 INFO org.apache.hadoop.mapred.Task: Task 'attempt_local686259992_0001_m_000000_0' done.
2018-01-07 10:43:30,429 INFO org.apache.hadoop.mapred.LocalJobRunner: Finishing task: attempt_local686259992_0001_m_000000_0
2018-01-07 10:43:30,430 INFO org.apache.hadoop.mapred.LocalJobRunner: map task executor complete.
2018-01-07 10:43:30,450 INFO org.apache.hadoop.mapred.LocalJobRunner: Waiting for reduce tasks
2018-01-07 10:43:30,452 INFO org.apache.hadoop.mapred.LocalJobRunner: Starting task: attempt_local686259992_0001_r_000000_0
2018-01-07 10:43:30,486 INFO org.apache.hadoop.mapreduce.lib.output.FileOutputCommitter: File Output Committer Algorithm version is 1
2018-01-07 10:43:30,488 INFO org.apache.hadoop.mapred.Task:  Using ResourceCalculatorProcessTree : [ ]
2018-01-07 10:43:30,518 INFO org.apache.hadoop.mapred.ReduceTask: Using ShuffleConsumerPlugin: org.apache.hadoop.mapreduce.task.reduce.Shuffle@1944f891
2018-01-07 10:43:30,602 INFO org.apache.hadoop.mapreduce.task.reduce.MergeManagerImpl: MergerManager: memoryLimit=679778688, maxSingleShuffleLimit=169944672, mergeThreshold=448653952, ioSortFactor=10, memToMemMergeOutputsThreshold=10
2018-01-07 10:43:30,617 INFO org.apache.hadoop.mapreduce.task.reduce.EventFetcher: attempt_local686259992_0001_r_000000_0 Thread started: EventFetcher for fetching Map Completion Events
2018-01-07 10:43:30,739 INFO org.apache.hadoop.mapreduce.task.reduce.LocalFetcher: localfetcher#1 about to shuffle output of map attempt_local686259992_0001_m_000000_0 decomp: 1431 len: 1435 to MEMORY
2018-01-07 10:43:30,822 INFO org.apache.hadoop.mapreduce.task.reduce.InMemoryMapOutput: Read 1431 bytes from map-output for attempt_local686259992_0001_m_000000_0
2018-01-07 10:43:30,829 INFO org.apache.hadoop.mapreduce.task.reduce.MergeManagerImpl: closeInMemoryFile -> map-output of size: 1431, inMemoryMapOutputs.size() -> 1, commitMemory -> 0, usedMemory ->1431
2018-01-07 10:43:30,834 INFO org.apache.hadoop.mapreduce.task.reduce.EventFetcher: EventFetcher is interrupted.. Returning
2018-01-07 10:43:30,837 INFO org.apache.hadoop.mapred.LocalJobRunner: 1 / 1 copied.
2018-01-07 10:43:30,839 INFO org.apache.hadoop.mapreduce.task.reduce.MergeManagerImpl: finalMerge called with 1 in-memory map-outputs and 0 on-disk map-outputs
2018-01-07 10:43:30,870 INFO org.apache.hadoop.mapred.Merger: Merging 1 sorted segments
2018-01-07 10:43:30,871 INFO org.apache.hadoop.mapred.Merger: Down to the last merge-pass, with 1 segments left of total size: 1424 bytes
2018-01-07 10:43:30,882 INFO org.apache.hadoop.mapreduce.task.reduce.MergeManagerImpl: Merged 1 segments, 1431 bytes to disk to satisfy reduce memory limit
2018-01-07 10:43:30,884 INFO org.apache.hadoop.mapreduce.task.reduce.MergeManagerImpl: Merging 1 files, 1435 bytes from disk
2018-01-07 10:43:30,886 INFO org.apache.hadoop.mapreduce.task.reduce.MergeManagerImpl: Merging 0 segments, 0 bytes from memory into reduce
2018-01-07 10:43:30,887 INFO org.apache.hadoop.mapred.Merger: Merging 1 sorted segments
2018-01-07 10:43:30,888 INFO org.apache.hadoop.mapred.Merger: Down to the last merge-pass, with 1 segments left of total size: 1424 bytes
2018-01-07 10:43:30,897 INFO org.apache.hadoop.mapred.LocalJobRunner: 1 / 1 copied.
2018-01-07 10:43:30,960 INFO org.apache.hadoop.mapred.Task: Task:attempt_local686259992_0001_r_000000_0 is done. And is in the process of committing
2018-01-07 10:43:30,970 INFO org.apache.hadoop.mapred.LocalJobRunner: 1 / 1 copied.
2018-01-07 10:43:30,972 INFO org.apache.hadoop.mapred.Task: Task attempt_local686259992_0001_r_000000_0 is allowed to commit now
2018-01-07 10:43:30,975 INFO org.apache.hadoop.mapreduce.lib.output.FileOutputCommitter: Saved output of task 'attempt_local686259992_0001_r_000000_0' to file:/home/cloudera/workspace/TreeParis/output/_temporary/0/task_local686259992_0001_r_000000
2018-01-07 10:43:30,993 INFO org.apache.hadoop.mapred.LocalJobRunner: reduce > reduce
2018-01-07 10:43:30,995 INFO org.apache.hadoop.mapred.Task: Task 'attempt_local686259992_0001_r_000000_0' done.
2018-01-07 10:43:30,997 INFO org.apache.hadoop.mapred.LocalJobRunner: Finishing task: attempt_local686259992_0001_r_000000_0
2018-01-07 10:43:30,997 INFO org.apache.hadoop.mapred.LocalJobRunner: reduce task executor complete.
2018-01-07 10:43:31,285 INFO org.apache.hadoop.mapreduce.Job:  map 100% reduce 100%
2018-01-07 10:43:31,288 INFO org.apache.hadoop.mapreduce.Job: Job job_local686259992_0001 completed successfully
2018-01-07 10:43:31,321 INFO org.apache.hadoop.mapreduce.Job: Counters: 33
	File System Counters
		FILE: Number of bytes read=36786
		FILE: Number of bytes written=530683
		FILE: Number of read operations=0
		FILE: Number of large read operations=0
		FILE: Number of write operations=0
	Map-Reduce Framework
		Map input records=98
		Map output records=98
		Map output bytes=1233
		Map output materialized bytes=1435
		Input split bytes=108
		Combine input records=0
		Combine output records=0
		Reduce input groups=37
		Reduce shuffle bytes=1435
		Reduce input records=98
		Reduce output records=37
		Spilled Records=196
		Shuffled Maps =1
		Failed Shuffles=0
		Merged Map outputs=1
		GC time elapsed (ms)=96
		CPU time spent (ms)=0
		Physical memory (bytes) snapshot=0
		Virtual memory (bytes) snapshot=0
		Total committed heap usage (bytes)=331227136
	Shuffle Errors
		BAD_ID=0
		CONNECTION=0
		IO_ERROR=0
		WRONG_LENGTH=0
		WRONG_MAP=0
		WRONG_REDUCE=0
	File Input Format Counters 
		Bytes Read=16778
	File Output Format Counters 
		Bytes Written=410
2018-01-07 10:55:18,202 WARN org.apache.hadoop.util.NativeCodeLoader: Unable to load native-hadoop library for your platform... using builtin-java classes where applicable
2018-01-07 10:55:46,244 WARN org.apache.hadoop.util.NativeCodeLoader: Unable to load native-hadoop library for your platform... using builtin-java classes where applicable
2018-01-07 10:55:49,731 INFO org.apache.hadoop.conf.Configuration.deprecation: session.id is deprecated. Instead, use dfs.metrics.session-id
2018-01-07 10:55:49,742 INFO org.apache.hadoop.metrics.jvm.JvmMetrics: Initializing JVM Metrics with processName=JobTracker, sessionId=
2018-01-07 10:55:49,980 INFO org.apache.hadoop.metrics.jvm.JvmMetrics: Cannot initialize JVM Metrics with processName=JobTracker, sessionId= - already initialized
2018-01-07 10:55:51,117 WARN org.apache.hadoop.mapreduce.JobResourceUploader: Hadoop command-line option parsing not performed. Implement the Tool interface and execute your application with ToolRunner to remedy this.
2018-01-07 10:55:51,125 WARN org.apache.hadoop.mapreduce.JobResourceUploader: No job jar file set.  User classes may not be found. See Job or Job#setJar(String).
2018-01-07 10:55:51,166 INFO org.apache.hadoop.mapred.FileInputFormat: Total input paths to process : 1
2018-01-07 10:55:51,246 INFO org.apache.hadoop.mapreduce.JobSubmitter: number of splits:1
2018-01-07 10:55:51,765 INFO org.apache.hadoop.mapreduce.JobSubmitter: Submitting tokens for job: job_local1422360004_0001
2018-01-07 10:55:52,761 INFO org.apache.hadoop.mapreduce.Job: The url to track the job: http://localhost:8080/
2018-01-07 10:55:52,767 INFO org.apache.hadoop.mapreduce.Job: Running job: job_local1422360004_0001
2018-01-07 10:55:52,768 INFO org.apache.hadoop.mapred.LocalJobRunner: OutputCommitter set in config null
2018-01-07 10:55:52,771 INFO org.apache.hadoop.mapred.LocalJobRunner: OutputCommitter is org.apache.hadoop.mapred.FileOutputCommitter
2018-01-07 10:55:52,803 INFO org.apache.hadoop.mapreduce.lib.output.FileOutputCommitter: File Output Committer Algorithm version is 1
2018-01-07 10:55:52,890 INFO org.apache.hadoop.mapred.LocalJobRunner: Waiting for map tasks
2018-01-07 10:55:52,905 INFO org.apache.hadoop.mapred.LocalJobRunner: Starting task: attempt_local1422360004_0001_m_000000_0
2018-01-07 10:55:53,014 INFO org.apache.hadoop.mapreduce.lib.output.FileOutputCommitter: File Output Committer Algorithm version is 1
2018-01-07 10:55:53,033 INFO org.apache.hadoop.mapred.Task:  Using ResourceCalculatorProcessTree : [ ]
2018-01-07 10:55:53,046 INFO org.apache.hadoop.mapred.MapTask: Processing split: file:/home/cloudera/workspace/TreeParis/Input/arbres.csv:0+16778
2018-01-07 10:55:53,059 INFO org.apache.hadoop.mapred.MapTask: numReduceTasks: 1
2018-01-07 10:55:53,191 INFO org.apache.hadoop.mapred.MapTask: (EQUATOR) 0 kvi 26214396(104857584)
2018-01-07 10:55:53,192 INFO org.apache.hadoop.mapred.MapTask: mapreduce.task.io.sort.mb: 100
2018-01-07 10:55:53,192 INFO org.apache.hadoop.mapred.MapTask: soft limit at 83886080
2018-01-07 10:55:53,192 INFO org.apache.hadoop.mapred.MapTask: bufstart = 0; bufvoid = 104857600
2018-01-07 10:55:53,192 INFO org.apache.hadoop.mapred.MapTask: kvstart = 26214396; length = 6553600
2018-01-07 10:55:53,198 INFO org.apache.hadoop.mapred.MapTask: Map output collector class = org.apache.hadoop.mapred.MapTask$MapOutputBuffer
2018-01-07 10:55:53,249 INFO org.apache.hadoop.mapred.LocalJobRunner: 
2018-01-07 10:55:53,253 INFO org.apache.hadoop.mapred.MapTask: Starting flush of map output
2018-01-07 10:55:53,253 INFO org.apache.hadoop.mapred.MapTask: Spilling map output
2018-01-07 10:55:53,253 INFO org.apache.hadoop.mapred.MapTask: bufstart = 0; bufend = 1233; bufvoid = 104857600
2018-01-07 10:55:53,253 INFO org.apache.hadoop.mapred.MapTask: kvstart = 26214396(104857584); kvend = 26214008(104856032); length = 389/6553600
2018-01-07 10:55:53,275 INFO org.apache.hadoop.mapred.MapTask: Finished spill 0
2018-01-07 10:55:53,284 INFO org.apache.hadoop.mapred.Task: Task:attempt_local1422360004_0001_m_000000_0 is done. And is in the process of committing
2018-01-07 10:55:53,308 INFO org.apache.hadoop.mapred.LocalJobRunner: file:/home/cloudera/workspace/TreeParis/Input/arbres.csv:0+16778
2018-01-07 10:55:53,308 INFO org.apache.hadoop.mapred.Task: Task 'attempt_local1422360004_0001_m_000000_0' done.
2018-01-07 10:55:53,308 INFO org.apache.hadoop.mapred.LocalJobRunner: Finishing task: attempt_local1422360004_0001_m_000000_0
2018-01-07 10:55:53,309 INFO org.apache.hadoop.mapred.LocalJobRunner: map task executor complete.
2018-01-07 10:55:53,324 INFO org.apache.hadoop.mapred.LocalJobRunner: Waiting for reduce tasks
2018-01-07 10:55:53,324 INFO org.apache.hadoop.mapred.LocalJobRunner: Starting task: attempt_local1422360004_0001_r_000000_0
2018-01-07 10:55:53,336 INFO org.apache.hadoop.mapreduce.lib.output.FileOutputCommitter: File Output Committer Algorithm version is 1
2018-01-07 10:55:53,337 INFO org.apache.hadoop.mapred.Task:  Using ResourceCalculatorProcessTree : [ ]
2018-01-07 10:55:53,343 INFO org.apache.hadoop.mapred.ReduceTask: Using ShuffleConsumerPlugin: org.apache.hadoop.mapreduce.task.reduce.Shuffle@6a59828c
2018-01-07 10:55:53,361 INFO org.apache.hadoop.mapreduce.task.reduce.MergeManagerImpl: MergerManager: memoryLimit=679778688, maxSingleShuffleLimit=169944672, mergeThreshold=448653952, ioSortFactor=10, memToMemMergeOutputsThreshold=10
2018-01-07 10:55:53,368 INFO org.apache.hadoop.mapreduce.task.reduce.EventFetcher: attempt_local1422360004_0001_r_000000_0 Thread started: EventFetcher for fetching Map Completion Events
2018-01-07 10:55:53,420 INFO org.apache.hadoop.mapreduce.task.reduce.LocalFetcher: localfetcher#1 about to shuffle output of map attempt_local1422360004_0001_m_000000_0 decomp: 1431 len: 1435 to MEMORY
2018-01-07 10:55:53,427 INFO org.apache.hadoop.mapreduce.task.reduce.InMemoryMapOutput: Read 1431 bytes from map-output for attempt_local1422360004_0001_m_000000_0
2018-01-07 10:55:53,430 INFO org.apache.hadoop.mapreduce.task.reduce.MergeManagerImpl: closeInMemoryFile -> map-output of size: 1431, inMemoryMapOutputs.size() -> 1, commitMemory -> 0, usedMemory ->1431
2018-01-07 10:55:53,432 INFO org.apache.hadoop.mapreduce.task.reduce.EventFetcher: EventFetcher is interrupted.. Returning
2018-01-07 10:55:53,433 INFO org.apache.hadoop.mapred.LocalJobRunner: 1 / 1 copied.
2018-01-07 10:55:53,434 INFO org.apache.hadoop.mapreduce.task.reduce.MergeManagerImpl: finalMerge called with 1 in-memory map-outputs and 0 on-disk map-outputs
2018-01-07 10:55:53,443 INFO org.apache.hadoop.mapred.Merger: Merging 1 sorted segments
2018-01-07 10:55:53,444 INFO org.apache.hadoop.mapred.Merger: Down to the last merge-pass, with 1 segments left of total size: 1424 bytes
2018-01-07 10:55:53,447 INFO org.apache.hadoop.mapreduce.task.reduce.MergeManagerImpl: Merged 1 segments, 1431 bytes to disk to satisfy reduce memory limit
2018-01-07 10:55:53,448 INFO org.apache.hadoop.mapreduce.task.reduce.MergeManagerImpl: Merging 1 files, 1435 bytes from disk
2018-01-07 10:55:53,449 INFO org.apache.hadoop.mapreduce.task.reduce.MergeManagerImpl: Merging 0 segments, 0 bytes from memory into reduce
2018-01-07 10:55:53,449 INFO org.apache.hadoop.mapred.Merger: Merging 1 sorted segments
2018-01-07 10:55:53,449 INFO org.apache.hadoop.mapred.Merger: Down to the last merge-pass, with 1 segments left of total size: 1424 bytes
2018-01-07 10:55:53,450 INFO org.apache.hadoop.mapred.LocalJobRunner: 1 / 1 copied.
2018-01-07 10:55:53,469 INFO org.apache.hadoop.mapred.Task: Task:attempt_local1422360004_0001_r_000000_0 is done. And is in the process of committing
2018-01-07 10:55:53,475 INFO org.apache.hadoop.mapred.LocalJobRunner: 1 / 1 copied.
2018-01-07 10:55:53,478 INFO org.apache.hadoop.mapred.Task: Task attempt_local1422360004_0001_r_000000_0 is allowed to commit now
2018-01-07 10:55:53,480 INFO org.apache.hadoop.mapreduce.lib.output.FileOutputCommitter: Saved output of task 'attempt_local1422360004_0001_r_000000_0' to file:/home/cloudera/workspace/TreeParis/outputTreeType/_temporary/0/task_local1422360004_0001_r_000000
2018-01-07 10:55:53,482 INFO org.apache.hadoop.mapred.LocalJobRunner: reduce > reduce
2018-01-07 10:55:53,482 INFO org.apache.hadoop.mapred.Task: Task 'attempt_local1422360004_0001_r_000000_0' done.
2018-01-07 10:55:53,482 INFO org.apache.hadoop.mapred.LocalJobRunner: Finishing task: attempt_local1422360004_0001_r_000000_0
2018-01-07 10:55:53,483 INFO org.apache.hadoop.mapred.LocalJobRunner: reduce task executor complete.
2018-01-07 10:55:53,779 INFO org.apache.hadoop.mapreduce.Job: Job job_local1422360004_0001 running in uber mode : false
2018-01-07 10:55:53,786 INFO org.apache.hadoop.mapreduce.Job:  map 100% reduce 100%
2018-01-07 10:55:53,791 INFO org.apache.hadoop.mapreduce.Job: Job job_local1422360004_0001 completed successfully
2018-01-07 10:55:53,846 INFO org.apache.hadoop.mapreduce.Job: Counters: 33
	File System Counters
		FILE: Number of bytes read=36786
		FILE: Number of bytes written=533555
		FILE: Number of read operations=0
		FILE: Number of large read operations=0
		FILE: Number of write operations=0
	Map-Reduce Framework
		Map input records=98
		Map output records=98
		Map output bytes=1233
		Map output materialized bytes=1435
		Input split bytes=108
		Combine input records=0
		Combine output records=0
		Reduce input groups=37
		Reduce shuffle bytes=1435
		Reduce input records=98
		Reduce output records=37
		Spilled Records=196
		Shuffled Maps =1
		Failed Shuffles=0
		Merged Map outputs=1
		GC time elapsed (ms)=48
		CPU time spent (ms)=0
		Physical memory (bytes) snapshot=0
		Virtual memory (bytes) snapshot=0
		Total committed heap usage (bytes)=331227136
	Shuffle Errors
		BAD_ID=0
		CONNECTION=0
		IO_ERROR=0
		WRONG_LENGTH=0
		WRONG_MAP=0
		WRONG_REDUCE=0
	File Input Format Counters 
		Bytes Read=16778
	File Output Format Counters 
		Bytes Written=410
2018-01-07 10:56:02,312 WARN org.apache.hadoop.util.NativeCodeLoader: Unable to load native-hadoop library for your platform... using builtin-java classes where applicable
2018-01-07 10:56:50,987 WARN org.apache.hadoop.util.NativeCodeLoader: Unable to load native-hadoop library for your platform... using builtin-java classes where applicable
2018-01-07 10:56:53,715 INFO org.apache.hadoop.conf.Configuration.deprecation: session.id is deprecated. Instead, use dfs.metrics.session-id
2018-01-07 10:56:53,742 INFO org.apache.hadoop.metrics.jvm.JvmMetrics: Initializing JVM Metrics with processName=JobTracker, sessionId=
2018-01-07 10:56:53,946 INFO org.apache.hadoop.metrics.jvm.JvmMetrics: Cannot initialize JVM Metrics with processName=JobTracker, sessionId= - already initialized
2018-01-07 10:56:55,203 WARN org.apache.hadoop.mapreduce.JobResourceUploader: Hadoop command-line option parsing not performed. Implement the Tool interface and execute your application with ToolRunner to remedy this.
2018-01-07 10:56:55,209 WARN org.apache.hadoop.mapreduce.JobResourceUploader: No job jar file set.  User classes may not be found. See Job or Job#setJar(String).
2018-01-07 10:56:55,236 INFO org.apache.hadoop.mapred.FileInputFormat: Total input paths to process : 1
2018-01-07 10:56:55,280 INFO org.apache.hadoop.mapreduce.JobSubmitter: number of splits:1
2018-01-07 10:56:55,632 INFO org.apache.hadoop.mapreduce.JobSubmitter: Submitting tokens for job: job_local1509639254_0001
2018-01-07 10:56:56,515 INFO org.apache.hadoop.mapreduce.Job: The url to track the job: http://localhost:8080/
2018-01-07 10:56:56,519 INFO org.apache.hadoop.mapreduce.Job: Running job: job_local1509639254_0001
2018-01-07 10:56:56,524 INFO org.apache.hadoop.mapred.LocalJobRunner: OutputCommitter set in config null
2018-01-07 10:56:56,528 INFO org.apache.hadoop.mapred.LocalJobRunner: OutputCommitter is org.apache.hadoop.mapred.FileOutputCommitter
2018-01-07 10:56:56,554 INFO org.apache.hadoop.mapreduce.lib.output.FileOutputCommitter: File Output Committer Algorithm version is 1
2018-01-07 10:56:56,626 INFO org.apache.hadoop.mapred.LocalJobRunner: Waiting for map tasks
2018-01-07 10:56:56,638 INFO org.apache.hadoop.mapred.LocalJobRunner: Starting task: attempt_local1509639254_0001_m_000000_0
2018-01-07 10:56:56,725 INFO org.apache.hadoop.mapreduce.lib.output.FileOutputCommitter: File Output Committer Algorithm version is 1
2018-01-07 10:56:56,748 INFO org.apache.hadoop.mapred.Task:  Using ResourceCalculatorProcessTree : [ ]
2018-01-07 10:56:56,757 INFO org.apache.hadoop.mapred.MapTask: Processing split: file:/home/cloudera/workspace/TreeParis/Input/arbres.csv:0+16778
2018-01-07 10:56:56,768 INFO org.apache.hadoop.mapred.MapTask: numReduceTasks: 1
2018-01-07 10:56:56,861 INFO org.apache.hadoop.mapred.MapTask: (EQUATOR) 0 kvi 26214396(104857584)
2018-01-07 10:56:56,862 INFO org.apache.hadoop.mapred.MapTask: mapreduce.task.io.sort.mb: 100
2018-01-07 10:56:56,862 INFO org.apache.hadoop.mapred.MapTask: soft limit at 83886080
2018-01-07 10:56:56,862 INFO org.apache.hadoop.mapred.MapTask: bufstart = 0; bufvoid = 104857600
2018-01-07 10:56:56,862 INFO org.apache.hadoop.mapred.MapTask: kvstart = 26214396; length = 6553600
2018-01-07 10:56:56,867 INFO org.apache.hadoop.mapred.MapTask: Map output collector class = org.apache.hadoop.mapred.MapTask$MapOutputBuffer
2018-01-07 10:56:56,915 INFO org.apache.hadoop.mapred.LocalJobRunner: 
2018-01-07 10:56:56,915 INFO org.apache.hadoop.mapred.MapTask: Starting flush of map output
2018-01-07 10:56:56,915 INFO org.apache.hadoop.mapred.MapTask: Spilling map output
2018-01-07 10:56:56,915 INFO org.apache.hadoop.mapred.MapTask: bufstart = 0; bufend = 1233; bufvoid = 104857600
2018-01-07 10:56:56,915 INFO org.apache.hadoop.mapred.MapTask: kvstart = 26214396(104857584); kvend = 26214008(104856032); length = 389/6553600
2018-01-07 10:56:56,932 INFO org.apache.hadoop.mapred.MapTask: Finished spill 0
2018-01-07 10:56:56,937 INFO org.apache.hadoop.mapred.Task: Task:attempt_local1509639254_0001_m_000000_0 is done. And is in the process of committing
2018-01-07 10:56:56,946 INFO org.apache.hadoop.mapred.LocalJobRunner: file:/home/cloudera/workspace/TreeParis/Input/arbres.csv:0+16778
2018-01-07 10:56:56,946 INFO org.apache.hadoop.mapred.Task: Task 'attempt_local1509639254_0001_m_000000_0' done.
2018-01-07 10:56:56,947 INFO org.apache.hadoop.mapred.LocalJobRunner: Finishing task: attempt_local1509639254_0001_m_000000_0
2018-01-07 10:56:56,947 INFO org.apache.hadoop.mapred.LocalJobRunner: map task executor complete.
2018-01-07 10:56:56,960 INFO org.apache.hadoop.mapred.LocalJobRunner: Waiting for reduce tasks
2018-01-07 10:56:56,966 INFO org.apache.hadoop.mapred.LocalJobRunner: Starting task: attempt_local1509639254_0001_r_000000_0
2018-01-07 10:56:56,981 INFO org.apache.hadoop.mapreduce.lib.output.FileOutputCommitter: File Output Committer Algorithm version is 1
2018-01-07 10:56:56,981 INFO org.apache.hadoop.mapred.Task:  Using ResourceCalculatorProcessTree : [ ]
2018-01-07 10:56:56,987 INFO org.apache.hadoop.mapred.ReduceTask: Using ShuffleConsumerPlugin: org.apache.hadoop.mapreduce.task.reduce.Shuffle@663c18ab
2018-01-07 10:56:57,003 INFO org.apache.hadoop.mapreduce.task.reduce.MergeManagerImpl: MergerManager: memoryLimit=679778688, maxSingleShuffleLimit=169944672, mergeThreshold=448653952, ioSortFactor=10, memToMemMergeOutputsThreshold=10
2018-01-07 10:56:57,011 INFO org.apache.hadoop.mapreduce.task.reduce.EventFetcher: attempt_local1509639254_0001_r_000000_0 Thread started: EventFetcher for fetching Map Completion Events
2018-01-07 10:56:57,045 INFO org.apache.hadoop.mapreduce.task.reduce.LocalFetcher: localfetcher#1 about to shuffle output of map attempt_local1509639254_0001_m_000000_0 decomp: 1431 len: 1435 to MEMORY
2018-01-07 10:56:57,051 INFO org.apache.hadoop.mapreduce.task.reduce.InMemoryMapOutput: Read 1431 bytes from map-output for attempt_local1509639254_0001_m_000000_0
2018-01-07 10:56:57,053 INFO org.apache.hadoop.mapreduce.task.reduce.MergeManagerImpl: closeInMemoryFile -> map-output of size: 1431, inMemoryMapOutputs.size() -> 1, commitMemory -> 0, usedMemory ->1431
2018-01-07 10:56:57,055 INFO org.apache.hadoop.mapreduce.task.reduce.EventFetcher: EventFetcher is interrupted.. Returning
2018-01-07 10:56:57,057 INFO org.apache.hadoop.mapred.LocalJobRunner: 1 / 1 copied.
2018-01-07 10:56:57,057 INFO org.apache.hadoop.mapreduce.task.reduce.MergeManagerImpl: finalMerge called with 1 in-memory map-outputs and 0 on-disk map-outputs
2018-01-07 10:56:57,064 INFO org.apache.hadoop.mapred.Merger: Merging 1 sorted segments
2018-01-07 10:56:57,064 INFO org.apache.hadoop.mapred.Merger: Down to the last merge-pass, with 1 segments left of total size: 1424 bytes
2018-01-07 10:56:57,073 INFO org.apache.hadoop.mapreduce.task.reduce.MergeManagerImpl: Merged 1 segments, 1431 bytes to disk to satisfy reduce memory limit
2018-01-07 10:56:57,075 INFO org.apache.hadoop.mapreduce.task.reduce.MergeManagerImpl: Merging 1 files, 1435 bytes from disk
2018-01-07 10:56:57,080 INFO org.apache.hadoop.mapreduce.task.reduce.MergeManagerImpl: Merging 0 segments, 0 bytes from memory into reduce
2018-01-07 10:56:57,080 INFO org.apache.hadoop.mapred.Merger: Merging 1 sorted segments
2018-01-07 10:56:57,081 INFO org.apache.hadoop.mapred.Merger: Down to the last merge-pass, with 1 segments left of total size: 1424 bytes
2018-01-07 10:56:57,081 INFO org.apache.hadoop.mapred.LocalJobRunner: 1 / 1 copied.
2018-01-07 10:56:57,096 INFO org.apache.hadoop.mapred.Task: Task:attempt_local1509639254_0001_r_000000_0 is done. And is in the process of committing
2018-01-07 10:56:57,098 INFO org.apache.hadoop.mapred.LocalJobRunner: 1 / 1 copied.
2018-01-07 10:56:57,099 INFO org.apache.hadoop.mapred.Task: Task attempt_local1509639254_0001_r_000000_0 is allowed to commit now
2018-01-07 10:56:57,100 INFO org.apache.hadoop.mapreduce.lib.output.FileOutputCommitter: Saved output of task 'attempt_local1509639254_0001_r_000000_0' to file:/home/cloudera/workspace/TreeParis/outputTreeType/_temporary/0/task_local1509639254_0001_r_000000
2018-01-07 10:56:57,102 INFO org.apache.hadoop.mapred.LocalJobRunner: reduce > reduce
2018-01-07 10:56:57,102 INFO org.apache.hadoop.mapred.Task: Task 'attempt_local1509639254_0001_r_000000_0' done.
2018-01-07 10:56:57,102 INFO org.apache.hadoop.mapred.LocalJobRunner: Finishing task: attempt_local1509639254_0001_r_000000_0
2018-01-07 10:56:57,102 INFO org.apache.hadoop.mapred.LocalJobRunner: reduce task executor complete.
2018-01-07 10:56:57,527 INFO org.apache.hadoop.mapreduce.Job: Job job_local1509639254_0001 running in uber mode : false
2018-01-07 10:56:57,534 INFO org.apache.hadoop.mapreduce.Job:  map 100% reduce 100%
2018-01-07 10:56:57,541 INFO org.apache.hadoop.mapreduce.Job: Job job_local1509639254_0001 completed successfully
2018-01-07 10:56:57,595 INFO org.apache.hadoop.mapreduce.Job: Counters: 33
	File System Counters
		FILE: Number of bytes read=36786
		FILE: Number of bytes written=533555
		FILE: Number of read operations=0
		FILE: Number of large read operations=0
		FILE: Number of write operations=0
	Map-Reduce Framework
		Map input records=98
		Map output records=98
		Map output bytes=1233
		Map output materialized bytes=1435
		Input split bytes=108
		Combine input records=0
		Combine output records=0
		Reduce input groups=37
		Reduce shuffle bytes=1435
		Reduce input records=98
		Reduce output records=37
		Spilled Records=196
		Shuffled Maps =1
		Failed Shuffles=0
		Merged Map outputs=1
		GC time elapsed (ms)=35
		CPU time spent (ms)=0
		Physical memory (bytes) snapshot=0
		Virtual memory (bytes) snapshot=0
		Total committed heap usage (bytes)=331227136
	Shuffle Errors
		BAD_ID=0
		CONNECTION=0
		IO_ERROR=0
		WRONG_LENGTH=0
		WRONG_MAP=0
		WRONG_REDUCE=0
	File Input Format Counters 
		Bytes Read=16778
	File Output Format Counters 
		Bytes Written=410
2018-01-07 10:57:11,757 WARN org.apache.hadoop.util.NativeCodeLoader: Unable to load native-hadoop library for your platform... using builtin-java classes where applicable
2018-01-07 10:57:48,495 WARN org.apache.hadoop.util.NativeCodeLoader: Unable to load native-hadoop library for your platform... using builtin-java classes where applicable
2018-01-07 10:57:50,658 INFO org.apache.hadoop.conf.Configuration.deprecation: session.id is deprecated. Instead, use dfs.metrics.session-id
2018-01-07 10:57:50,663 INFO org.apache.hadoop.metrics.jvm.JvmMetrics: Initializing JVM Metrics with processName=JobTracker, sessionId=
2018-01-07 10:57:50,799 INFO org.apache.hadoop.metrics.jvm.JvmMetrics: Cannot initialize JVM Metrics with processName=JobTracker, sessionId= - already initialized
2018-01-07 10:57:52,233 WARN org.apache.hadoop.mapreduce.JobResourceUploader: Hadoop command-line option parsing not performed. Implement the Tool interface and execute your application with ToolRunner to remedy this.
2018-01-07 10:57:52,242 WARN org.apache.hadoop.mapreduce.JobResourceUploader: No job jar file set.  User classes may not be found. See Job or Job#setJar(String).
2018-01-07 10:57:52,292 INFO org.apache.hadoop.mapred.FileInputFormat: Total input paths to process : 1
2018-01-07 10:57:52,377 INFO org.apache.hadoop.mapreduce.JobSubmitter: number of splits:1
2018-01-07 10:57:53,016 INFO org.apache.hadoop.mapreduce.JobSubmitter: Submitting tokens for job: job_local1016624960_0001
2018-01-07 10:57:54,042 INFO org.apache.hadoop.mapreduce.Job: The url to track the job: http://localhost:8080/
2018-01-07 10:57:54,075 INFO org.apache.hadoop.mapred.LocalJobRunner: OutputCommitter set in config null
2018-01-07 10:57:54,084 INFO org.apache.hadoop.mapreduce.Job: Running job: job_local1016624960_0001
2018-01-07 10:57:54,087 INFO org.apache.hadoop.mapred.LocalJobRunner: OutputCommitter is org.apache.hadoop.mapred.FileOutputCommitter
2018-01-07 10:57:54,118 INFO org.apache.hadoop.mapreduce.lib.output.FileOutputCommitter: File Output Committer Algorithm version is 1
2018-01-07 10:57:54,212 INFO org.apache.hadoop.mapred.LocalJobRunner: Waiting for map tasks
2018-01-07 10:57:54,226 INFO org.apache.hadoop.mapred.LocalJobRunner: Starting task: attempt_local1016624960_0001_m_000000_0
2018-01-07 10:57:54,331 INFO org.apache.hadoop.mapreduce.lib.output.FileOutputCommitter: File Output Committer Algorithm version is 1
2018-01-07 10:57:54,351 INFO org.apache.hadoop.mapred.Task:  Using ResourceCalculatorProcessTree : [ ]
2018-01-07 10:57:54,364 INFO org.apache.hadoop.mapred.MapTask: Processing split: file:/home/cloudera/workspace/TreeParis/Input/arbres.csv:0+16778
2018-01-07 10:57:54,379 INFO org.apache.hadoop.mapred.MapTask: numReduceTasks: 1
2018-01-07 10:57:54,505 INFO org.apache.hadoop.mapred.MapTask: (EQUATOR) 0 kvi 26214396(104857584)
2018-01-07 10:57:54,505 INFO org.apache.hadoop.mapred.MapTask: mapreduce.task.io.sort.mb: 100
2018-01-07 10:57:54,505 INFO org.apache.hadoop.mapred.MapTask: soft limit at 83886080
2018-01-07 10:57:54,506 INFO org.apache.hadoop.mapred.MapTask: bufstart = 0; bufvoid = 104857600
2018-01-07 10:57:54,506 INFO org.apache.hadoop.mapred.MapTask: kvstart = 26214396; length = 6553600
2018-01-07 10:57:54,512 INFO org.apache.hadoop.mapred.MapTask: Map output collector class = org.apache.hadoop.mapred.MapTask$MapOutputBuffer
2018-01-07 10:57:54,582 INFO org.apache.hadoop.mapred.LocalJobRunner: 
2018-01-07 10:57:54,582 INFO org.apache.hadoop.mapred.MapTask: Starting flush of map output
2018-01-07 10:57:54,583 INFO org.apache.hadoop.mapred.MapTask: Spilling map output
2018-01-07 10:57:54,583 INFO org.apache.hadoop.mapred.MapTask: bufstart = 0; bufend = 1233; bufvoid = 104857600
2018-01-07 10:57:54,583 INFO org.apache.hadoop.mapred.MapTask: kvstart = 26214396(104857584); kvend = 26214008(104856032); length = 389/6553600
2018-01-07 10:57:54,609 INFO org.apache.hadoop.mapred.MapTask: Finished spill 0
2018-01-07 10:57:54,615 INFO org.apache.hadoop.mapred.Task: Task:attempt_local1016624960_0001_m_000000_0 is done. And is in the process of committing
2018-01-07 10:57:54,628 INFO org.apache.hadoop.mapred.LocalJobRunner: file:/home/cloudera/workspace/TreeParis/Input/arbres.csv:0+16778
2018-01-07 10:57:54,628 INFO org.apache.hadoop.mapred.Task: Task 'attempt_local1016624960_0001_m_000000_0' done.
2018-01-07 10:57:54,628 INFO org.apache.hadoop.mapred.LocalJobRunner: Finishing task: attempt_local1016624960_0001_m_000000_0
2018-01-07 10:57:54,629 INFO org.apache.hadoop.mapred.LocalJobRunner: map task executor complete.
2018-01-07 10:57:54,653 INFO org.apache.hadoop.mapred.LocalJobRunner: Waiting for reduce tasks
2018-01-07 10:57:54,654 INFO org.apache.hadoop.mapred.LocalJobRunner: Starting task: attempt_local1016624960_0001_r_000000_0
2018-01-07 10:57:54,669 INFO org.apache.hadoop.mapreduce.lib.output.FileOutputCommitter: File Output Committer Algorithm version is 1
2018-01-07 10:57:54,671 INFO org.apache.hadoop.mapred.Task:  Using ResourceCalculatorProcessTree : [ ]
2018-01-07 10:57:54,676 INFO org.apache.hadoop.mapred.ReduceTask: Using ShuffleConsumerPlugin: org.apache.hadoop.mapreduce.task.reduce.Shuffle@2708d3bf
2018-01-07 10:57:54,694 INFO org.apache.hadoop.mapreduce.task.reduce.MergeManagerImpl: MergerManager: memoryLimit=679778688, maxSingleShuffleLimit=169944672, mergeThreshold=448653952, ioSortFactor=10, memToMemMergeOutputsThreshold=10
2018-01-07 10:57:54,704 INFO org.apache.hadoop.mapreduce.task.reduce.EventFetcher: attempt_local1016624960_0001_r_000000_0 Thread started: EventFetcher for fetching Map Completion Events
2018-01-07 10:57:54,756 INFO org.apache.hadoop.mapreduce.task.reduce.LocalFetcher: localfetcher#1 about to shuffle output of map attempt_local1016624960_0001_m_000000_0 decomp: 1431 len: 1435 to MEMORY
2018-01-07 10:57:54,764 INFO org.apache.hadoop.mapreduce.task.reduce.InMemoryMapOutput: Read 1431 bytes from map-output for attempt_local1016624960_0001_m_000000_0
2018-01-07 10:57:54,766 INFO org.apache.hadoop.mapreduce.task.reduce.MergeManagerImpl: closeInMemoryFile -> map-output of size: 1431, inMemoryMapOutputs.size() -> 1, commitMemory -> 0, usedMemory ->1431
2018-01-07 10:57:54,768 INFO org.apache.hadoop.mapreduce.task.reduce.EventFetcher: EventFetcher is interrupted.. Returning
2018-01-07 10:57:54,769 INFO org.apache.hadoop.mapred.LocalJobRunner: 1 / 1 copied.
2018-01-07 10:57:54,770 INFO org.apache.hadoop.mapreduce.task.reduce.MergeManagerImpl: finalMerge called with 1 in-memory map-outputs and 0 on-disk map-outputs
2018-01-07 10:57:54,780 INFO org.apache.hadoop.mapred.Merger: Merging 1 sorted segments
2018-01-07 10:57:54,780 INFO org.apache.hadoop.mapred.Merger: Down to the last merge-pass, with 1 segments left of total size: 1424 bytes
2018-01-07 10:57:54,784 INFO org.apache.hadoop.mapreduce.task.reduce.MergeManagerImpl: Merged 1 segments, 1431 bytes to disk to satisfy reduce memory limit
2018-01-07 10:57:54,785 INFO org.apache.hadoop.mapreduce.task.reduce.MergeManagerImpl: Merging 1 files, 1435 bytes from disk
2018-01-07 10:57:54,786 INFO org.apache.hadoop.mapreduce.task.reduce.MergeManagerImpl: Merging 0 segments, 0 bytes from memory into reduce
2018-01-07 10:57:54,786 INFO org.apache.hadoop.mapred.Merger: Merging 1 sorted segments
2018-01-07 10:57:54,787 INFO org.apache.hadoop.mapred.Merger: Down to the last merge-pass, with 1 segments left of total size: 1424 bytes
2018-01-07 10:57:54,788 INFO org.apache.hadoop.mapred.LocalJobRunner: 1 / 1 copied.
2018-01-07 10:57:54,807 INFO org.apache.hadoop.mapred.Task: Task:attempt_local1016624960_0001_r_000000_0 is done. And is in the process of committing
2018-01-07 10:57:54,815 INFO org.apache.hadoop.mapred.LocalJobRunner: 1 / 1 copied.
2018-01-07 10:57:54,816 INFO org.apache.hadoop.mapred.Task: Task attempt_local1016624960_0001_r_000000_0 is allowed to commit now
2018-01-07 10:57:54,818 INFO org.apache.hadoop.mapreduce.lib.output.FileOutputCommitter: Saved output of task 'attempt_local1016624960_0001_r_000000_0' to file:/home/cloudera/workspace/TreeParis/outputTreeHeight/_temporary/0/task_local1016624960_0001_r_000000
2018-01-07 10:57:54,819 INFO org.apache.hadoop.mapred.LocalJobRunner: reduce > reduce
2018-01-07 10:57:54,819 INFO org.apache.hadoop.mapred.Task: Task 'attempt_local1016624960_0001_r_000000_0' done.
2018-01-07 10:57:54,820 INFO org.apache.hadoop.mapred.LocalJobRunner: Finishing task: attempt_local1016624960_0001_r_000000_0
2018-01-07 10:57:54,820 INFO org.apache.hadoop.mapred.LocalJobRunner: reduce task executor complete.
2018-01-07 10:57:55,095 INFO org.apache.hadoop.mapreduce.Job: Job job_local1016624960_0001 running in uber mode : false
2018-01-07 10:57:55,100 INFO org.apache.hadoop.mapreduce.Job:  map 100% reduce 100%
2018-01-07 10:57:55,103 INFO org.apache.hadoop.mapreduce.Job: Job job_local1016624960_0001 completed successfully
2018-01-07 10:57:55,140 INFO org.apache.hadoop.mapreduce.Job: Counters: 33
	File System Counters
		FILE: Number of bytes read=36786
		FILE: Number of bytes written=533669
		FILE: Number of read operations=0
		FILE: Number of large read operations=0
		FILE: Number of write operations=0
	Map-Reduce Framework
		Map input records=98
		Map output records=98
		Map output bytes=1233
		Map output materialized bytes=1435
		Input split bytes=108
		Combine input records=0
		Combine output records=0
		Reduce input groups=37
		Reduce shuffle bytes=1435
		Reduce input records=98
		Reduce output records=37
		Spilled Records=196
		Shuffled Maps =1
		Failed Shuffles=0
		Merged Map outputs=1
		GC time elapsed (ms)=47
		CPU time spent (ms)=0
		Physical memory (bytes) snapshot=0
		Virtual memory (bytes) snapshot=0
		Total committed heap usage (bytes)=331227136
	Shuffle Errors
		BAD_ID=0
		CONNECTION=0
		IO_ERROR=0
		WRONG_LENGTH=0
		WRONG_MAP=0
		WRONG_REDUCE=0
	File Input Format Counters 
		Bytes Read=16778
	File Output Format Counters 
		Bytes Written=444
2018-01-07 10:58:28,173 WARN org.apache.hadoop.util.NativeCodeLoader: Unable to load native-hadoop library for your platform... using builtin-java classes where applicable
2018-01-07 10:58:31,133 INFO org.apache.hadoop.conf.Configuration.deprecation: session.id is deprecated. Instead, use dfs.metrics.session-id
2018-01-07 10:58:31,149 INFO org.apache.hadoop.metrics.jvm.JvmMetrics: Initializing JVM Metrics with processName=JobTracker, sessionId=
2018-01-07 10:58:31,497 INFO org.apache.hadoop.metrics.jvm.JvmMetrics: Cannot initialize JVM Metrics with processName=JobTracker, sessionId= - already initialized
2018-01-07 10:58:32,873 WARN org.apache.hadoop.mapreduce.JobResourceUploader: Hadoop command-line option parsing not performed. Implement the Tool interface and execute your application with ToolRunner to remedy this.
2018-01-07 10:58:32,881 WARN org.apache.hadoop.mapreduce.JobResourceUploader: No job jar file set.  User classes may not be found. See Job or Job#setJar(String).
2018-01-07 10:58:32,941 INFO org.apache.hadoop.mapred.FileInputFormat: Total input paths to process : 1
2018-01-07 10:58:33,012 INFO org.apache.hadoop.mapreduce.JobSubmitter: number of splits:1
2018-01-07 10:58:33,656 INFO org.apache.hadoop.mapreduce.JobSubmitter: Submitting tokens for job: job_local1695678579_0001
2018-01-07 10:58:34,611 INFO org.apache.hadoop.mapreduce.Job: The url to track the job: http://localhost:8080/
2018-01-07 10:58:34,624 INFO org.apache.hadoop.mapreduce.Job: Running job: job_local1695678579_0001
2018-01-07 10:58:34,624 INFO org.apache.hadoop.mapred.LocalJobRunner: OutputCommitter set in config null
2018-01-07 10:58:34,628 INFO org.apache.hadoop.mapred.LocalJobRunner: OutputCommitter is org.apache.hadoop.mapred.FileOutputCommitter
2018-01-07 10:58:34,661 INFO org.apache.hadoop.mapreduce.lib.output.FileOutputCommitter: File Output Committer Algorithm version is 1
2018-01-07 10:58:34,761 INFO org.apache.hadoop.mapred.LocalJobRunner: Waiting for map tasks
2018-01-07 10:58:34,773 INFO org.apache.hadoop.mapred.LocalJobRunner: Starting task: attempt_local1695678579_0001_m_000000_0
2018-01-07 10:58:34,890 INFO org.apache.hadoop.mapreduce.lib.output.FileOutputCommitter: File Output Committer Algorithm version is 1
2018-01-07 10:58:34,927 INFO org.apache.hadoop.mapred.Task:  Using ResourceCalculatorProcessTree : [ ]
2018-01-07 10:58:34,939 INFO org.apache.hadoop.mapred.MapTask: Processing split: file:/home/cloudera/workspace/TreeParis/Input/arbres.csv:0+16778
2018-01-07 10:58:34,956 INFO org.apache.hadoop.mapred.MapTask: numReduceTasks: 1
2018-01-07 10:58:35,066 INFO org.apache.hadoop.mapred.MapTask: (EQUATOR) 0 kvi 26214396(104857584)
2018-01-07 10:58:35,066 INFO org.apache.hadoop.mapred.MapTask: mapreduce.task.io.sort.mb: 100
2018-01-07 10:58:35,066 INFO org.apache.hadoop.mapred.MapTask: soft limit at 83886080
2018-01-07 10:58:35,066 INFO org.apache.hadoop.mapred.MapTask: bufstart = 0; bufvoid = 104857600
2018-01-07 10:58:35,066 INFO org.apache.hadoop.mapred.MapTask: kvstart = 26214396; length = 6553600
2018-01-07 10:58:35,072 INFO org.apache.hadoop.mapred.MapTask: Map output collector class = org.apache.hadoop.mapred.MapTask$MapOutputBuffer
2018-01-07 10:58:35,131 INFO org.apache.hadoop.mapred.LocalJobRunner: 
2018-01-07 10:58:35,135 INFO org.apache.hadoop.mapred.MapTask: Starting flush of map output
2018-01-07 10:58:35,135 INFO org.apache.hadoop.mapred.MapTask: Spilling map output
2018-01-07 10:58:35,136 INFO org.apache.hadoop.mapred.MapTask: bufstart = 0; bufend = 1233; bufvoid = 104857600
2018-01-07 10:58:35,138 INFO org.apache.hadoop.mapred.MapTask: kvstart = 26214396(104857584); kvend = 26214008(104856032); length = 389/6553600
2018-01-07 10:58:35,160 INFO org.apache.hadoop.mapred.MapTask: Finished spill 0
2018-01-07 10:58:35,165 INFO org.apache.hadoop.mapred.Task: Task:attempt_local1695678579_0001_m_000000_0 is done. And is in the process of committing
2018-01-07 10:58:35,178 INFO org.apache.hadoop.mapred.LocalJobRunner: file:/home/cloudera/workspace/TreeParis/Input/arbres.csv:0+16778
2018-01-07 10:58:35,178 INFO org.apache.hadoop.mapred.Task: Task 'attempt_local1695678579_0001_m_000000_0' done.
2018-01-07 10:58:35,178 INFO org.apache.hadoop.mapred.LocalJobRunner: Finishing task: attempt_local1695678579_0001_m_000000_0
2018-01-07 10:58:35,179 INFO org.apache.hadoop.mapred.LocalJobRunner: map task executor complete.
2018-01-07 10:58:35,199 INFO org.apache.hadoop.mapred.LocalJobRunner: Waiting for reduce tasks
2018-01-07 10:58:35,200 INFO org.apache.hadoop.mapred.LocalJobRunner: Starting task: attempt_local1695678579_0001_r_000000_0
2018-01-07 10:58:35,216 INFO org.apache.hadoop.mapreduce.lib.output.FileOutputCommitter: File Output Committer Algorithm version is 1
2018-01-07 10:58:35,217 INFO org.apache.hadoop.mapred.Task:  Using ResourceCalculatorProcessTree : [ ]
2018-01-07 10:58:35,221 INFO org.apache.hadoop.mapred.ReduceTask: Using ShuffleConsumerPlugin: org.apache.hadoop.mapreduce.task.reduce.Shuffle@4cf1e2d9
2018-01-07 10:58:35,241 INFO org.apache.hadoop.mapreduce.task.reduce.MergeManagerImpl: MergerManager: memoryLimit=679778688, maxSingleShuffleLimit=169944672, mergeThreshold=448653952, ioSortFactor=10, memToMemMergeOutputsThreshold=10
2018-01-07 10:58:35,248 INFO org.apache.hadoop.mapreduce.task.reduce.EventFetcher: attempt_local1695678579_0001_r_000000_0 Thread started: EventFetcher for fetching Map Completion Events
2018-01-07 10:58:35,313 INFO org.apache.hadoop.mapreduce.task.reduce.LocalFetcher: localfetcher#1 about to shuffle output of map attempt_local1695678579_0001_m_000000_0 decomp: 1431 len: 1435 to MEMORY
2018-01-07 10:58:35,319 INFO org.apache.hadoop.mapreduce.task.reduce.InMemoryMapOutput: Read 1431 bytes from map-output for attempt_local1695678579_0001_m_000000_0
2018-01-07 10:58:35,322 INFO org.apache.hadoop.mapreduce.task.reduce.MergeManagerImpl: closeInMemoryFile -> map-output of size: 1431, inMemoryMapOutputs.size() -> 1, commitMemory -> 0, usedMemory ->1431
2018-01-07 10:58:35,324 INFO org.apache.hadoop.mapreduce.task.reduce.EventFetcher: EventFetcher is interrupted.. Returning
2018-01-07 10:58:35,325 INFO org.apache.hadoop.mapred.LocalJobRunner: 1 / 1 copied.
2018-01-07 10:58:35,326 INFO org.apache.hadoop.mapreduce.task.reduce.MergeManagerImpl: finalMerge called with 1 in-memory map-outputs and 0 on-disk map-outputs
2018-01-07 10:58:35,335 INFO org.apache.hadoop.mapred.Merger: Merging 1 sorted segments
2018-01-07 10:58:35,335 INFO org.apache.hadoop.mapred.Merger: Down to the last merge-pass, with 1 segments left of total size: 1424 bytes
2018-01-07 10:58:35,339 INFO org.apache.hadoop.mapreduce.task.reduce.MergeManagerImpl: Merged 1 segments, 1431 bytes to disk to satisfy reduce memory limit
2018-01-07 10:58:35,341 INFO org.apache.hadoop.mapreduce.task.reduce.MergeManagerImpl: Merging 1 files, 1435 bytes from disk
2018-01-07 10:58:35,342 INFO org.apache.hadoop.mapreduce.task.reduce.MergeManagerImpl: Merging 0 segments, 0 bytes from memory into reduce
2018-01-07 10:58:35,342 INFO org.apache.hadoop.mapred.Merger: Merging 1 sorted segments
2018-01-07 10:58:35,342 INFO org.apache.hadoop.mapred.Merger: Down to the last merge-pass, with 1 segments left of total size: 1424 bytes
2018-01-07 10:58:35,343 INFO org.apache.hadoop.mapred.LocalJobRunner: 1 / 1 copied.
2018-01-07 10:58:35,361 INFO org.apache.hadoop.mapred.Task: Task:attempt_local1695678579_0001_r_000000_0 is done. And is in the process of committing
2018-01-07 10:58:35,363 INFO org.apache.hadoop.mapred.LocalJobRunner: 1 / 1 copied.
2018-01-07 10:58:35,363 INFO org.apache.hadoop.mapred.Task: Task attempt_local1695678579_0001_r_000000_0 is allowed to commit now
2018-01-07 10:58:35,365 INFO org.apache.hadoop.mapreduce.lib.output.FileOutputCommitter: Saved output of task 'attempt_local1695678579_0001_r_000000_0' to file:/home/cloudera/workspace/TreeParis/outputTreeType/_temporary/0/task_local1695678579_0001_r_000000
2018-01-07 10:58:35,366 INFO org.apache.hadoop.mapred.LocalJobRunner: reduce > reduce
2018-01-07 10:58:35,367 INFO org.apache.hadoop.mapred.Task: Task 'attempt_local1695678579_0001_r_000000_0' done.
2018-01-07 10:58:35,367 INFO org.apache.hadoop.mapred.LocalJobRunner: Finishing task: attempt_local1695678579_0001_r_000000_0
2018-01-07 10:58:35,367 INFO org.apache.hadoop.mapred.LocalJobRunner: reduce task executor complete.
2018-01-07 10:58:35,636 INFO org.apache.hadoop.mapreduce.Job: Job job_local1695678579_0001 running in uber mode : false
2018-01-07 10:58:35,637 INFO org.apache.hadoop.mapreduce.Job:  map 100% reduce 100%
2018-01-07 10:58:35,639 INFO org.apache.hadoop.mapreduce.Job: Job job_local1695678579_0001 completed successfully
2018-01-07 10:58:35,655 INFO org.apache.hadoop.mapreduce.Job: Counters: 33
	File System Counters
		FILE: Number of bytes read=36786
		FILE: Number of bytes written=533555
		FILE: Number of read operations=0
		FILE: Number of large read operations=0
		FILE: Number of write operations=0
	Map-Reduce Framework
		Map input records=98
		Map output records=98
		Map output bytes=1233
		Map output materialized bytes=1435
		Input split bytes=108
		Combine input records=0
		Combine output records=0
		Reduce input groups=37
		Reduce shuffle bytes=1435
		Reduce input records=98
		Reduce output records=37
		Spilled Records=196
		Shuffled Maps =1
		Failed Shuffles=0
		Merged Map outputs=1
		GC time elapsed (ms)=41
		CPU time spent (ms)=0
		Physical memory (bytes) snapshot=0
		Virtual memory (bytes) snapshot=0
		Total committed heap usage (bytes)=331227136
	Shuffle Errors
		BAD_ID=0
		CONNECTION=0
		IO_ERROR=0
		WRONG_LENGTH=0
		WRONG_MAP=0
		WRONG_REDUCE=0
	File Input Format Counters 
		Bytes Read=16778
	File Output Format Counters 
		Bytes Written=410
2018-01-07 11:09:06,025 WARN org.apache.hadoop.util.NativeCodeLoader: Unable to load native-hadoop library for your platform... using builtin-java classes where applicable
2018-01-07 11:09:07,309 INFO org.apache.hadoop.conf.Configuration.deprecation: session.id is deprecated. Instead, use dfs.metrics.session-id
2018-01-07 11:09:07,312 INFO org.apache.hadoop.metrics.jvm.JvmMetrics: Initializing JVM Metrics with processName=JobTracker, sessionId=
2018-01-07 11:09:07,371 INFO org.apache.hadoop.metrics.jvm.JvmMetrics: Cannot initialize JVM Metrics with processName=JobTracker, sessionId= - already initialized
2018-01-07 11:09:07,683 WARN org.apache.hadoop.mapreduce.JobResourceUploader: Hadoop command-line option parsing not performed. Implement the Tool interface and execute your application with ToolRunner to remedy this.
2018-01-07 11:09:07,685 WARN org.apache.hadoop.mapreduce.JobResourceUploader: No job jar file set.  User classes may not be found. See Job or Job#setJar(String).
2018-01-07 11:09:07,708 INFO org.apache.hadoop.mapred.FileInputFormat: Total input paths to process : 1
2018-01-07 11:09:07,743 INFO org.apache.hadoop.mapreduce.JobSubmitter: number of splits:1
2018-01-07 11:09:08,041 INFO org.apache.hadoop.mapreduce.JobSubmitter: Submitting tokens for job: job_local596843278_0001
2018-01-07 11:09:08,629 INFO org.apache.hadoop.mapreduce.Job: The url to track the job: http://localhost:8080/
2018-01-07 11:09:08,638 INFO org.apache.hadoop.mapred.LocalJobRunner: OutputCommitter set in config null
2018-01-07 11:09:08,641 INFO org.apache.hadoop.mapreduce.Job: Running job: job_local596843278_0001
2018-01-07 11:09:08,646 INFO org.apache.hadoop.mapred.LocalJobRunner: OutputCommitter is org.apache.hadoop.mapred.FileOutputCommitter
2018-01-07 11:09:08,671 INFO org.apache.hadoop.mapreduce.lib.output.FileOutputCommitter: File Output Committer Algorithm version is 1
2018-01-07 11:09:08,739 INFO org.apache.hadoop.mapred.LocalJobRunner: Waiting for map tasks
2018-01-07 11:09:08,744 INFO org.apache.hadoop.mapred.LocalJobRunner: Starting task: attempt_local596843278_0001_m_000000_0
2018-01-07 11:09:08,785 INFO org.apache.hadoop.mapreduce.lib.output.FileOutputCommitter: File Output Committer Algorithm version is 1
2018-01-07 11:09:08,796 INFO org.apache.hadoop.mapred.Task:  Using ResourceCalculatorProcessTree : [ ]
2018-01-07 11:09:08,807 INFO org.apache.hadoop.mapred.MapTask: Processing split: file:/home/cloudera/workspace/TreeParis/Input/arbres.csv:0+16778
2018-01-07 11:09:08,823 INFO org.apache.hadoop.mapred.MapTask: numReduceTasks: 1
2018-01-07 11:09:08,986 INFO org.apache.hadoop.mapred.MapTask: (EQUATOR) 0 kvi 26214396(104857584)
2018-01-07 11:09:08,988 INFO org.apache.hadoop.mapred.MapTask: mapreduce.task.io.sort.mb: 100
2018-01-07 11:09:08,988 INFO org.apache.hadoop.mapred.MapTask: soft limit at 83886080
2018-01-07 11:09:08,988 INFO org.apache.hadoop.mapred.MapTask: bufstart = 0; bufvoid = 104857600
2018-01-07 11:09:08,988 INFO org.apache.hadoop.mapred.MapTask: kvstart = 26214396; length = 6553600
2018-01-07 11:09:08,992 INFO org.apache.hadoop.mapred.MapTask: Map output collector class = org.apache.hadoop.mapred.MapTask$MapOutputBuffer
2018-01-07 11:09:09,034 INFO org.apache.hadoop.mapred.LocalJobRunner: 
2018-01-07 11:09:09,035 INFO org.apache.hadoop.mapred.MapTask: Starting flush of map output
2018-01-07 11:09:09,035 INFO org.apache.hadoop.mapred.MapTask: Spilling map output
2018-01-07 11:09:09,036 INFO org.apache.hadoop.mapred.MapTask: bufstart = 0; bufend = 1233; bufvoid = 104857600
2018-01-07 11:09:09,036 INFO org.apache.hadoop.mapred.MapTask: kvstart = 26214396(104857584); kvend = 26214008(104856032); length = 389/6553600
2018-01-07 11:09:09,053 INFO org.apache.hadoop.mapred.MapTask: Finished spill 0
2018-01-07 11:09:09,057 INFO org.apache.hadoop.mapred.Task: Task:attempt_local596843278_0001_m_000000_0 is done. And is in the process of committing
2018-01-07 11:09:09,066 INFO org.apache.hadoop.mapred.LocalJobRunner: file:/home/cloudera/workspace/TreeParis/Input/arbres.csv:0+16778
2018-01-07 11:09:09,066 INFO org.apache.hadoop.mapred.Task: Task 'attempt_local596843278_0001_m_000000_0' done.
2018-01-07 11:09:09,067 INFO org.apache.hadoop.mapred.LocalJobRunner: Finishing task: attempt_local596843278_0001_m_000000_0
2018-01-07 11:09:09,067 INFO org.apache.hadoop.mapred.LocalJobRunner: map task executor complete.
2018-01-07 11:09:09,078 INFO org.apache.hadoop.mapred.LocalJobRunner: Waiting for reduce tasks
2018-01-07 11:09:09,079 INFO org.apache.hadoop.mapred.LocalJobRunner: Starting task: attempt_local596843278_0001_r_000000_0
2018-01-07 11:09:09,098 INFO org.apache.hadoop.mapreduce.lib.output.FileOutputCommitter: File Output Committer Algorithm version is 1
2018-01-07 11:09:09,099 INFO org.apache.hadoop.mapred.Task:  Using ResourceCalculatorProcessTree : [ ]
2018-01-07 11:09:09,103 INFO org.apache.hadoop.mapred.ReduceTask: Using ShuffleConsumerPlugin: org.apache.hadoop.mapreduce.task.reduce.Shuffle@105da529
2018-01-07 11:09:09,119 INFO org.apache.hadoop.mapreduce.task.reduce.MergeManagerImpl: MergerManager: memoryLimit=679778688, maxSingleShuffleLimit=169944672, mergeThreshold=448653952, ioSortFactor=10, memToMemMergeOutputsThreshold=10
2018-01-07 11:09:09,126 INFO org.apache.hadoop.mapreduce.task.reduce.EventFetcher: attempt_local596843278_0001_r_000000_0 Thread started: EventFetcher for fetching Map Completion Events
2018-01-07 11:09:09,198 INFO org.apache.hadoop.mapreduce.task.reduce.LocalFetcher: localfetcher#1 about to shuffle output of map attempt_local596843278_0001_m_000000_0 decomp: 1431 len: 1435 to MEMORY
2018-01-07 11:09:09,207 INFO org.apache.hadoop.mapreduce.task.reduce.InMemoryMapOutput: Read 1431 bytes from map-output for attempt_local596843278_0001_m_000000_0
2018-01-07 11:09:09,212 INFO org.apache.hadoop.mapreduce.task.reduce.MergeManagerImpl: closeInMemoryFile -> map-output of size: 1431, inMemoryMapOutputs.size() -> 1, commitMemory -> 0, usedMemory ->1431
2018-01-07 11:09:09,218 INFO org.apache.hadoop.mapreduce.task.reduce.EventFetcher: EventFetcher is interrupted.. Returning
2018-01-07 11:09:09,219 INFO org.apache.hadoop.mapred.LocalJobRunner: 1 / 1 copied.
2018-01-07 11:09:09,219 INFO org.apache.hadoop.mapreduce.task.reduce.MergeManagerImpl: finalMerge called with 1 in-memory map-outputs and 0 on-disk map-outputs
2018-01-07 11:09:09,233 INFO org.apache.hadoop.mapred.Merger: Merging 1 sorted segments
2018-01-07 11:09:09,234 INFO org.apache.hadoop.mapred.Merger: Down to the last merge-pass, with 1 segments left of total size: 1424 bytes
2018-01-07 11:09:09,239 INFO org.apache.hadoop.mapreduce.task.reduce.MergeManagerImpl: Merged 1 segments, 1431 bytes to disk to satisfy reduce memory limit
2018-01-07 11:09:09,243 INFO org.apache.hadoop.mapreduce.task.reduce.MergeManagerImpl: Merging 1 files, 1435 bytes from disk
2018-01-07 11:09:09,244 INFO org.apache.hadoop.mapreduce.task.reduce.MergeManagerImpl: Merging 0 segments, 0 bytes from memory into reduce
2018-01-07 11:09:09,244 INFO org.apache.hadoop.mapred.Merger: Merging 1 sorted segments
2018-01-07 11:09:09,245 INFO org.apache.hadoop.mapred.Merger: Down to the last merge-pass, with 1 segments left of total size: 1424 bytes
2018-01-07 11:09:09,245 INFO org.apache.hadoop.mapred.LocalJobRunner: 1 / 1 copied.
2018-01-07 11:09:09,280 INFO org.apache.hadoop.mapred.Task: Task:attempt_local596843278_0001_r_000000_0 is done. And is in the process of committing
2018-01-07 11:09:09,287 INFO org.apache.hadoop.mapred.LocalJobRunner: 1 / 1 copied.
2018-01-07 11:09:09,288 INFO org.apache.hadoop.mapred.Task: Task attempt_local596843278_0001_r_000000_0 is allowed to commit now
2018-01-07 11:09:09,290 INFO org.apache.hadoop.mapreduce.lib.output.FileOutputCommitter: Saved output of task 'attempt_local596843278_0001_r_000000_0' to file:/home/cloudera/workspace/TreeParis/outputTreeType/_temporary/0/task_local596843278_0001_r_000000
2018-01-07 11:09:09,292 INFO org.apache.hadoop.mapred.LocalJobRunner: reduce > reduce
2018-01-07 11:09:09,293 INFO org.apache.hadoop.mapred.Task: Task 'attempt_local596843278_0001_r_000000_0' done.
2018-01-07 11:09:09,293 INFO org.apache.hadoop.mapred.LocalJobRunner: Finishing task: attempt_local596843278_0001_r_000000_0
2018-01-07 11:09:09,293 INFO org.apache.hadoop.mapred.LocalJobRunner: reduce task executor complete.
2018-01-07 11:09:09,645 INFO org.apache.hadoop.mapreduce.Job: Job job_local596843278_0001 running in uber mode : false
2018-01-07 11:09:09,648 INFO org.apache.hadoop.mapreduce.Job:  map 100% reduce 100%
2018-01-07 11:09:09,653 INFO org.apache.hadoop.mapreduce.Job: Job job_local596843278_0001 completed successfully
2018-01-07 11:09:09,677 INFO org.apache.hadoop.mapreduce.Job: Counters: 33
	File System Counters
		FILE: Number of bytes read=36786
		FILE: Number of bytes written=530759
		FILE: Number of read operations=0
		FILE: Number of large read operations=0
		FILE: Number of write operations=0
	Map-Reduce Framework
		Map input records=98
		Map output records=98
		Map output bytes=1233
		Map output materialized bytes=1435
		Input split bytes=108
		Combine input records=0
		Combine output records=0
		Reduce input groups=37
		Reduce shuffle bytes=1435
		Reduce input records=98
		Reduce output records=37
		Spilled Records=196
		Shuffled Maps =1
		Failed Shuffles=0
		Merged Map outputs=1
		GC time elapsed (ms)=30
		CPU time spent (ms)=0
		Physical memory (bytes) snapshot=0
		Virtual memory (bytes) snapshot=0
		Total committed heap usage (bytes)=331227136
	Shuffle Errors
		BAD_ID=0
		CONNECTION=0
		IO_ERROR=0
		WRONG_LENGTH=0
		WRONG_MAP=0
		WRONG_REDUCE=0
	File Input Format Counters 
		Bytes Read=16778
	File Output Format Counters 
		Bytes Written=410
2018-01-07 11:29:49,567 WARN org.apache.hadoop.util.NativeCodeLoader: Unable to load native-hadoop library for your platform... using builtin-java classes where applicable
2018-01-07 11:29:51,282 INFO org.apache.hadoop.conf.Configuration.deprecation: session.id is deprecated. Instead, use dfs.metrics.session-id
2018-01-07 11:29:51,311 INFO org.apache.hadoop.metrics.jvm.JvmMetrics: Initializing JVM Metrics with processName=JobTracker, sessionId=
2018-01-07 11:29:51,336 INFO org.apache.hadoop.metrics.jvm.JvmMetrics: Cannot initialize JVM Metrics with processName=JobTracker, sessionId= - already initialized
2018-01-07 11:29:51,350 WARN org.apache.hadoop.security.UserGroupInformation: PriviledgedActionException as:cloudera (auth:SIMPLE) cause:org.apache.hadoop.mapred.FileAlreadyExistsException: Output directory file:/home/cloudera/workspace/TreeParis/outputTreeHeight already exists
2018-01-07 11:29:51,351 WARN org.apache.hadoop.security.UserGroupInformation: PriviledgedActionException as:cloudera (auth:SIMPLE) cause:org.apache.hadoop.mapred.FileAlreadyExistsException: Output directory file:/home/cloudera/workspace/TreeParis/outputTreeHeight already exists
2018-01-07 11:30:36,156 WARN org.apache.hadoop.util.NativeCodeLoader: Unable to load native-hadoop library for your platform... using builtin-java classes where applicable
2018-01-07 11:30:37,781 INFO org.apache.hadoop.conf.Configuration.deprecation: session.id is deprecated. Instead, use dfs.metrics.session-id
2018-01-07 11:30:37,783 INFO org.apache.hadoop.metrics.jvm.JvmMetrics: Initializing JVM Metrics with processName=JobTracker, sessionId=
2018-01-07 11:30:37,960 INFO org.apache.hadoop.metrics.jvm.JvmMetrics: Cannot initialize JVM Metrics with processName=JobTracker, sessionId= - already initialized
2018-01-07 11:30:38,775 WARN org.apache.hadoop.mapreduce.JobResourceUploader: Hadoop command-line option parsing not performed. Implement the Tool interface and execute your application with ToolRunner to remedy this.
2018-01-07 11:30:38,778 WARN org.apache.hadoop.mapreduce.JobResourceUploader: No job jar file set.  User classes may not be found. See Job or Job#setJar(String).
2018-01-07 11:30:38,876 INFO org.apache.hadoop.mapred.FileInputFormat: Total input paths to process : 1
2018-01-07 11:30:38,944 INFO org.apache.hadoop.mapreduce.JobSubmitter: number of splits:1
2018-01-07 11:30:39,323 INFO org.apache.hadoop.mapreduce.JobSubmitter: Submitting tokens for job: job_local887497174_0001
2018-01-07 11:30:40,003 INFO org.apache.hadoop.mapreduce.Job: The url to track the job: http://localhost:8080/
2018-01-07 11:30:40,010 INFO org.apache.hadoop.mapred.LocalJobRunner: OutputCommitter set in config null
2018-01-07 11:30:40,013 INFO org.apache.hadoop.mapreduce.Job: Running job: job_local887497174_0001
2018-01-07 11:30:40,034 INFO org.apache.hadoop.mapred.LocalJobRunner: OutputCommitter is org.apache.hadoop.mapred.FileOutputCommitter
2018-01-07 11:30:40,059 INFO org.apache.hadoop.mapreduce.lib.output.FileOutputCommitter: File Output Committer Algorithm version is 1
2018-01-07 11:30:40,114 INFO org.apache.hadoop.mapred.LocalJobRunner: Waiting for map tasks
2018-01-07 11:30:40,124 INFO org.apache.hadoop.mapred.LocalJobRunner: Starting task: attempt_local887497174_0001_m_000000_0
2018-01-07 11:30:40,213 INFO org.apache.hadoop.mapreduce.lib.output.FileOutputCommitter: File Output Committer Algorithm version is 1
2018-01-07 11:30:40,296 INFO org.apache.hadoop.mapred.Task:  Using ResourceCalculatorProcessTree : [ ]
2018-01-07 11:30:40,306 INFO org.apache.hadoop.mapred.MapTask: Processing split: file:/home/cloudera/workspace/TreeParis/Input/arbres.csv:0+16778
2018-01-07 11:30:40,315 INFO org.apache.hadoop.mapred.MapTask: numReduceTasks: 1
2018-01-07 11:30:40,424 INFO org.apache.hadoop.mapred.MapTask: (EQUATOR) 0 kvi 26214396(104857584)
2018-01-07 11:30:40,424 INFO org.apache.hadoop.mapred.MapTask: mapreduce.task.io.sort.mb: 100
2018-01-07 11:30:40,424 INFO org.apache.hadoop.mapred.MapTask: soft limit at 83886080
2018-01-07 11:30:40,424 INFO org.apache.hadoop.mapred.MapTask: bufstart = 0; bufvoid = 104857600
2018-01-07 11:30:40,425 INFO org.apache.hadoop.mapred.MapTask: kvstart = 26214396; length = 6553600
2018-01-07 11:30:40,431 INFO org.apache.hadoop.mapred.MapTask: Map output collector class = org.apache.hadoop.mapred.MapTask$MapOutputBuffer
2018-01-07 11:30:40,477 INFO org.apache.hadoop.mapred.LocalJobRunner: 
2018-01-07 11:30:40,477 INFO org.apache.hadoop.mapred.MapTask: Starting flush of map output
2018-01-07 11:30:40,477 INFO org.apache.hadoop.mapred.MapTask: Spilling map output
2018-01-07 11:30:40,477 INFO org.apache.hadoop.mapred.MapTask: bufstart = 0; bufend = 1233; bufvoid = 104857600
2018-01-07 11:30:40,477 INFO org.apache.hadoop.mapred.MapTask: kvstart = 26214396(104857584); kvend = 26214008(104856032); length = 389/6553600
2018-01-07 11:30:40,495 INFO org.apache.hadoop.mapred.MapTask: Finished spill 0
2018-01-07 11:30:40,499 INFO org.apache.hadoop.mapred.Task: Task:attempt_local887497174_0001_m_000000_0 is done. And is in the process of committing
2018-01-07 11:30:40,508 INFO org.apache.hadoop.mapred.LocalJobRunner: file:/home/cloudera/workspace/TreeParis/Input/arbres.csv:0+16778
2018-01-07 11:30:40,508 INFO org.apache.hadoop.mapred.Task: Task 'attempt_local887497174_0001_m_000000_0' done.
2018-01-07 11:30:40,508 INFO org.apache.hadoop.mapred.LocalJobRunner: Finishing task: attempt_local887497174_0001_m_000000_0
2018-01-07 11:30:40,509 INFO org.apache.hadoop.mapred.LocalJobRunner: map task executor complete.
2018-01-07 11:30:40,519 INFO org.apache.hadoop.mapred.LocalJobRunner: Waiting for reduce tasks
2018-01-07 11:30:40,519 INFO org.apache.hadoop.mapred.LocalJobRunner: Starting task: attempt_local887497174_0001_r_000000_0
2018-01-07 11:30:40,542 INFO org.apache.hadoop.mapreduce.lib.output.FileOutputCommitter: File Output Committer Algorithm version is 1
2018-01-07 11:30:40,542 INFO org.apache.hadoop.mapred.Task:  Using ResourceCalculatorProcessTree : [ ]
2018-01-07 11:30:40,548 INFO org.apache.hadoop.mapred.ReduceTask: Using ShuffleConsumerPlugin: org.apache.hadoop.mapreduce.task.reduce.Shuffle@31172f80
2018-01-07 11:30:40,564 INFO org.apache.hadoop.mapreduce.task.reduce.MergeManagerImpl: MergerManager: memoryLimit=679778688, maxSingleShuffleLimit=169944672, mergeThreshold=448653952, ioSortFactor=10, memToMemMergeOutputsThreshold=10
2018-01-07 11:30:40,571 INFO org.apache.hadoop.mapreduce.task.reduce.EventFetcher: attempt_local887497174_0001_r_000000_0 Thread started: EventFetcher for fetching Map Completion Events
2018-01-07 11:30:40,610 INFO org.apache.hadoop.mapreduce.task.reduce.LocalFetcher: localfetcher#1 about to shuffle output of map attempt_local887497174_0001_m_000000_0 decomp: 1431 len: 1435 to MEMORY
2018-01-07 11:30:40,615 INFO org.apache.hadoop.mapreduce.task.reduce.InMemoryMapOutput: Read 1431 bytes from map-output for attempt_local887497174_0001_m_000000_0
2018-01-07 11:30:40,616 INFO org.apache.hadoop.mapreduce.task.reduce.MergeManagerImpl: closeInMemoryFile -> map-output of size: 1431, inMemoryMapOutputs.size() -> 1, commitMemory -> 0, usedMemory ->1431
2018-01-07 11:30:40,618 INFO org.apache.hadoop.mapreduce.task.reduce.EventFetcher: EventFetcher is interrupted.. Returning
2018-01-07 11:30:40,619 INFO org.apache.hadoop.mapred.LocalJobRunner: 1 / 1 copied.
2018-01-07 11:30:40,622 INFO org.apache.hadoop.mapreduce.task.reduce.MergeManagerImpl: finalMerge called with 1 in-memory map-outputs and 0 on-disk map-outputs
2018-01-07 11:30:40,629 INFO org.apache.hadoop.mapred.Merger: Merging 1 sorted segments
2018-01-07 11:30:40,629 INFO org.apache.hadoop.mapred.Merger: Down to the last merge-pass, with 1 segments left of total size: 1424 bytes
2018-01-07 11:30:40,641 INFO org.apache.hadoop.mapreduce.task.reduce.MergeManagerImpl: Merged 1 segments, 1431 bytes to disk to satisfy reduce memory limit
2018-01-07 11:30:40,641 INFO org.apache.hadoop.mapreduce.task.reduce.MergeManagerImpl: Merging 1 files, 1435 bytes from disk
2018-01-07 11:30:40,643 INFO org.apache.hadoop.mapreduce.task.reduce.MergeManagerImpl: Merging 0 segments, 0 bytes from memory into reduce
2018-01-07 11:30:40,645 INFO org.apache.hadoop.mapred.Merger: Merging 1 sorted segments
2018-01-07 11:30:40,645 INFO org.apache.hadoop.mapred.Merger: Down to the last merge-pass, with 1 segments left of total size: 1424 bytes
2018-01-07 11:30:40,648 INFO org.apache.hadoop.mapred.LocalJobRunner: 1 / 1 copied.
2018-01-07 11:30:40,668 INFO org.apache.hadoop.mapred.Task: Task:attempt_local887497174_0001_r_000000_0 is done. And is in the process of committing
2018-01-07 11:30:40,670 INFO org.apache.hadoop.mapred.LocalJobRunner: 1 / 1 copied.
2018-01-07 11:30:40,671 INFO org.apache.hadoop.mapred.Task: Task attempt_local887497174_0001_r_000000_0 is allowed to commit now
2018-01-07 11:30:40,673 INFO org.apache.hadoop.mapreduce.lib.output.FileOutputCommitter: Saved output of task 'attempt_local887497174_0001_r_000000_0' to file:/home/cloudera/workspace/TreeParis/outputTreeType/_temporary/0/task_local887497174_0001_r_000000
2018-01-07 11:30:40,674 INFO org.apache.hadoop.mapred.LocalJobRunner: reduce > reduce
2018-01-07 11:30:40,674 INFO org.apache.hadoop.mapred.Task: Task 'attempt_local887497174_0001_r_000000_0' done.
2018-01-07 11:30:40,674 INFO org.apache.hadoop.mapred.LocalJobRunner: Finishing task: attempt_local887497174_0001_r_000000_0
2018-01-07 11:30:40,674 INFO org.apache.hadoop.mapred.LocalJobRunner: reduce task executor complete.
2018-01-07 11:30:41,017 INFO org.apache.hadoop.mapreduce.Job: Job job_local887497174_0001 running in uber mode : false
2018-01-07 11:30:41,018 INFO org.apache.hadoop.mapreduce.Job:  map 100% reduce 100%
2018-01-07 11:30:41,020 INFO org.apache.hadoop.mapreduce.Job: Job job_local887497174_0001 completed successfully
2018-01-07 11:30:41,040 INFO org.apache.hadoop.mapreduce.Job: Counters: 33
	File System Counters
		FILE: Number of bytes read=36786
		FILE: Number of bytes written=530759
		FILE: Number of read operations=0
		FILE: Number of large read operations=0
		FILE: Number of write operations=0
	Map-Reduce Framework
		Map input records=98
		Map output records=98
		Map output bytes=1233
		Map output materialized bytes=1435
		Input split bytes=108
		Combine input records=0
		Combine output records=0
		Reduce input groups=37
		Reduce shuffle bytes=1435
		Reduce input records=98
		Reduce output records=37
		Spilled Records=196
		Shuffled Maps =1
		Failed Shuffles=0
		Merged Map outputs=1
		GC time elapsed (ms)=35
		CPU time spent (ms)=0
		Physical memory (bytes) snapshot=0
		Virtual memory (bytes) snapshot=0
		Total committed heap usage (bytes)=331227136
	Shuffle Errors
		BAD_ID=0
		CONNECTION=0
		IO_ERROR=0
		WRONG_LENGTH=0
		WRONG_MAP=0
		WRONG_REDUCE=0
	File Input Format Counters 
		Bytes Read=16778
	File Output Format Counters 
		Bytes Written=410
2018-01-07 11:31:31,244 WARN org.apache.hadoop.util.NativeCodeLoader: Unable to load native-hadoop library for your platform... using builtin-java classes where applicable
2018-01-07 11:31:32,883 INFO org.apache.hadoop.conf.Configuration.deprecation: session.id is deprecated. Instead, use dfs.metrics.session-id
2018-01-07 11:31:32,890 INFO org.apache.hadoop.metrics.jvm.JvmMetrics: Initializing JVM Metrics with processName=JobTracker, sessionId=
2018-01-07 11:31:33,007 INFO org.apache.hadoop.metrics.jvm.JvmMetrics: Cannot initialize JVM Metrics with processName=JobTracker, sessionId= - already initialized
2018-01-07 11:31:33,556 WARN org.apache.hadoop.mapreduce.JobResourceUploader: Hadoop command-line option parsing not performed. Implement the Tool interface and execute your application with ToolRunner to remedy this.
2018-01-07 11:31:33,559 WARN org.apache.hadoop.mapreduce.JobResourceUploader: No job jar file set.  User classes may not be found. See Job or Job#setJar(String).
2018-01-07 11:31:33,581 INFO org.apache.hadoop.mapred.FileInputFormat: Total input paths to process : 1
2018-01-07 11:31:33,618 INFO org.apache.hadoop.mapreduce.JobSubmitter: number of splits:1
2018-01-07 11:31:33,987 INFO org.apache.hadoop.mapreduce.JobSubmitter: Submitting tokens for job: job_local792720995_0001
2018-01-07 11:31:34,660 INFO org.apache.hadoop.mapreduce.Job: The url to track the job: http://localhost:8080/
2018-01-07 11:31:34,679 INFO org.apache.hadoop.mapred.LocalJobRunner: OutputCommitter set in config null
2018-01-07 11:31:34,684 INFO org.apache.hadoop.mapreduce.Job: Running job: job_local792720995_0001
2018-01-07 11:31:34,685 INFO org.apache.hadoop.mapred.LocalJobRunner: OutputCommitter is org.apache.hadoop.mapred.FileOutputCommitter
2018-01-07 11:31:34,709 INFO org.apache.hadoop.mapreduce.lib.output.FileOutputCommitter: File Output Committer Algorithm version is 1
2018-01-07 11:31:34,789 INFO org.apache.hadoop.mapred.LocalJobRunner: Waiting for map tasks
2018-01-07 11:31:34,802 INFO org.apache.hadoop.mapred.LocalJobRunner: Starting task: attempt_local792720995_0001_m_000000_0
2018-01-07 11:31:34,884 INFO org.apache.hadoop.mapreduce.lib.output.FileOutputCommitter: File Output Committer Algorithm version is 1
2018-01-07 11:31:34,967 INFO org.apache.hadoop.mapred.Task:  Using ResourceCalculatorProcessTree : [ ]
2018-01-07 11:31:34,976 INFO org.apache.hadoop.mapred.MapTask: Processing split: file:/home/cloudera/workspace/TreeParis/Input/arbres.csv:0+16778
2018-01-07 11:31:34,986 INFO org.apache.hadoop.mapred.MapTask: numReduceTasks: 1
2018-01-07 11:31:35,079 INFO org.apache.hadoop.mapred.MapTask: (EQUATOR) 0 kvi 26214396(104857584)
2018-01-07 11:31:35,080 INFO org.apache.hadoop.mapred.MapTask: mapreduce.task.io.sort.mb: 100
2018-01-07 11:31:35,080 INFO org.apache.hadoop.mapred.MapTask: soft limit at 83886080
2018-01-07 11:31:35,080 INFO org.apache.hadoop.mapred.MapTask: bufstart = 0; bufvoid = 104857600
2018-01-07 11:31:35,080 INFO org.apache.hadoop.mapred.MapTask: kvstart = 26214396; length = 6553600
2018-01-07 11:31:35,085 INFO org.apache.hadoop.mapred.MapTask: Map output collector class = org.apache.hadoop.mapred.MapTask$MapOutputBuffer
2018-01-07 11:31:35,135 INFO org.apache.hadoop.mapred.LocalJobRunner: 
2018-01-07 11:31:35,135 INFO org.apache.hadoop.mapred.MapTask: Starting flush of map output
2018-01-07 11:31:35,136 INFO org.apache.hadoop.mapred.MapTask: Spilling map output
2018-01-07 11:31:35,136 INFO org.apache.hadoop.mapred.MapTask: bufstart = 0; bufend = 1233; bufvoid = 104857600
2018-01-07 11:31:35,136 INFO org.apache.hadoop.mapred.MapTask: kvstart = 26214396(104857584); kvend = 26214008(104856032); length = 389/6553600
2018-01-07 11:31:35,157 INFO org.apache.hadoop.mapred.MapTask: Finished spill 0
2018-01-07 11:31:35,161 INFO org.apache.hadoop.mapred.Task: Task:attempt_local792720995_0001_m_000000_0 is done. And is in the process of committing
2018-01-07 11:31:35,173 INFO org.apache.hadoop.mapred.LocalJobRunner: file:/home/cloudera/workspace/TreeParis/Input/arbres.csv:0+16778
2018-01-07 11:31:35,173 INFO org.apache.hadoop.mapred.Task: Task 'attempt_local792720995_0001_m_000000_0' done.
2018-01-07 11:31:35,173 INFO org.apache.hadoop.mapred.LocalJobRunner: Finishing task: attempt_local792720995_0001_m_000000_0
2018-01-07 11:31:35,173 INFO org.apache.hadoop.mapred.LocalJobRunner: map task executor complete.
2018-01-07 11:31:35,188 INFO org.apache.hadoop.mapred.LocalJobRunner: Waiting for reduce tasks
2018-01-07 11:31:35,194 INFO org.apache.hadoop.mapred.LocalJobRunner: Starting task: attempt_local792720995_0001_r_000000_0
2018-01-07 11:31:35,209 INFO org.apache.hadoop.mapreduce.lib.output.FileOutputCommitter: File Output Committer Algorithm version is 1
2018-01-07 11:31:35,209 INFO org.apache.hadoop.mapred.Task:  Using ResourceCalculatorProcessTree : [ ]
2018-01-07 11:31:35,214 INFO org.apache.hadoop.mapred.ReduceTask: Using ShuffleConsumerPlugin: org.apache.hadoop.mapreduce.task.reduce.Shuffle@54bf0a6b
2018-01-07 11:31:35,230 INFO org.apache.hadoop.mapreduce.task.reduce.MergeManagerImpl: MergerManager: memoryLimit=679778688, maxSingleShuffleLimit=169944672, mergeThreshold=448653952, ioSortFactor=10, memToMemMergeOutputsThreshold=10
2018-01-07 11:31:35,236 INFO org.apache.hadoop.mapreduce.task.reduce.EventFetcher: attempt_local792720995_0001_r_000000_0 Thread started: EventFetcher for fetching Map Completion Events
2018-01-07 11:31:35,274 INFO org.apache.hadoop.mapreduce.task.reduce.LocalFetcher: localfetcher#1 about to shuffle output of map attempt_local792720995_0001_m_000000_0 decomp: 1431 len: 1435 to MEMORY
2018-01-07 11:31:35,281 INFO org.apache.hadoop.mapreduce.task.reduce.InMemoryMapOutput: Read 1431 bytes from map-output for attempt_local792720995_0001_m_000000_0
2018-01-07 11:31:35,282 INFO org.apache.hadoop.mapreduce.task.reduce.MergeManagerImpl: closeInMemoryFile -> map-output of size: 1431, inMemoryMapOutputs.size() -> 1, commitMemory -> 0, usedMemory ->1431
2018-01-07 11:31:35,283 INFO org.apache.hadoop.mapreduce.task.reduce.EventFetcher: EventFetcher is interrupted.. Returning
2018-01-07 11:31:35,285 INFO org.apache.hadoop.mapred.LocalJobRunner: 1 / 1 copied.
2018-01-07 11:31:35,286 INFO org.apache.hadoop.mapreduce.task.reduce.MergeManagerImpl: finalMerge called with 1 in-memory map-outputs and 0 on-disk map-outputs
2018-01-07 11:31:35,305 INFO org.apache.hadoop.mapred.Merger: Merging 1 sorted segments
2018-01-07 11:31:35,306 INFO org.apache.hadoop.mapred.Merger: Down to the last merge-pass, with 1 segments left of total size: 1424 bytes
2018-01-07 11:31:35,309 INFO org.apache.hadoop.mapreduce.task.reduce.MergeManagerImpl: Merged 1 segments, 1431 bytes to disk to satisfy reduce memory limit
2018-01-07 11:31:35,309 INFO org.apache.hadoop.mapreduce.task.reduce.MergeManagerImpl: Merging 1 files, 1435 bytes from disk
2018-01-07 11:31:35,310 INFO org.apache.hadoop.mapreduce.task.reduce.MergeManagerImpl: Merging 0 segments, 0 bytes from memory into reduce
2018-01-07 11:31:35,310 INFO org.apache.hadoop.mapred.Merger: Merging 1 sorted segments
2018-01-07 11:31:35,311 INFO org.apache.hadoop.mapred.Merger: Down to the last merge-pass, with 1 segments left of total size: 1424 bytes
2018-01-07 11:31:35,312 INFO org.apache.hadoop.mapred.LocalJobRunner: 1 / 1 copied.
2018-01-07 11:31:35,327 INFO org.apache.hadoop.mapred.Task: Task:attempt_local792720995_0001_r_000000_0 is done. And is in the process of committing
2018-01-07 11:31:35,329 INFO org.apache.hadoop.mapred.LocalJobRunner: 1 / 1 copied.
2018-01-07 11:31:35,330 INFO org.apache.hadoop.mapred.Task: Task attempt_local792720995_0001_r_000000_0 is allowed to commit now
2018-01-07 11:31:35,331 INFO org.apache.hadoop.mapreduce.lib.output.FileOutputCommitter: Saved output of task 'attempt_local792720995_0001_r_000000_0' to file:/home/cloudera/workspace/TreeParis/outputTreeHeight/_temporary/0/task_local792720995_0001_r_000000
2018-01-07 11:31:35,331 INFO org.apache.hadoop.mapred.LocalJobRunner: reduce > reduce
2018-01-07 11:31:35,332 INFO org.apache.hadoop.mapred.Task: Task 'attempt_local792720995_0001_r_000000_0' done.
2018-01-07 11:31:35,332 INFO org.apache.hadoop.mapred.LocalJobRunner: Finishing task: attempt_local792720995_0001_r_000000_0
2018-01-07 11:31:35,333 INFO org.apache.hadoop.mapred.LocalJobRunner: reduce task executor complete.
2018-01-07 11:31:35,696 INFO org.apache.hadoop.mapreduce.Job: Job job_local792720995_0001 running in uber mode : false
2018-01-07 11:31:35,697 INFO org.apache.hadoop.mapreduce.Job:  map 100% reduce 100%
2018-01-07 11:31:35,700 INFO org.apache.hadoop.mapreduce.Job: Job job_local792720995_0001 completed successfully
2018-01-07 11:31:35,712 INFO org.apache.hadoop.mapreduce.Job: Counters: 33
	File System Counters
		FILE: Number of bytes read=36786
		FILE: Number of bytes written=530873
		FILE: Number of read operations=0
		FILE: Number of large read operations=0
		FILE: Number of write operations=0
	Map-Reduce Framework
		Map input records=98
		Map output records=98
		Map output bytes=1233
		Map output materialized bytes=1435
		Input split bytes=108
		Combine input records=0
		Combine output records=0
		Reduce input groups=37
		Reduce shuffle bytes=1435
		Reduce input records=98
		Reduce output records=37
		Spilled Records=196
		Shuffled Maps =1
		Failed Shuffles=0
		Merged Map outputs=1
		GC time elapsed (ms)=38
		CPU time spent (ms)=0
		Physical memory (bytes) snapshot=0
		Virtual memory (bytes) snapshot=0
		Total committed heap usage (bytes)=331227136
	Shuffle Errors
		BAD_ID=0
		CONNECTION=0
		IO_ERROR=0
		WRONG_LENGTH=0
		WRONG_MAP=0
		WRONG_REDUCE=0
	File Input Format Counters 
		Bytes Read=16778
	File Output Format Counters 
		Bytes Written=444
